<testsuite failures="10" name="karate/EP2_UpdatePet/UpdatePet.feature" skipped="0" tests="13" time="6.33875">
  <testcase classname="karate.EP2_UpdatePet.UpdatePet" name="Request with invalid id" time="0.497954">
    <system-out>* url url ................................................................. passed
* def requestUpdatePet = read('classpath:karate/EP2_UpdatePet/UpdatePetBody.json') . passed
* set requestUpdatePet.id = 0 ............................................. passed
Given path 'pet' .......................................................... passed
And request requestUpdatePet .............................................. passed
When method put ........................................................... passed
Then status 200 ........................................................... passed</system-out>
  </testcase>
  <testcase classname="karate.EP2_UpdatePet.UpdatePet" name="Request with invalid id" time="0.771705">
    <failure message="UpdatePet.feature:16 - status code was: 500, expected: 400, response time: 764, url: https://petstore.swagger.io/v2/pet, response: {&quot;code&quot;:500,&quot;type&quot;:&quot;unknown&quot;,&quot;message&quot;:&quot;something bad happened&quot;}">* url url ................................................................. passed
* def requestUpdatePet = read('classpath:karate/EP2_UpdatePet/UpdatePetBody.json') . passed
* set requestUpdatePet.id = 0 ............................................. passed
Given path 'pet' .......................................................... passed
And request requestUpdatePet .............................................. passed
When method put ........................................................... passed
Then status 200 ........................................................... passed
* url url ................................................................. passed
* def requestUpdatePet = read('classpath:karate/EP2_UpdatePet/UpdatePetBody.json') . passed
* set requestUpdatePet.id = "kekw" ........................................ passed
Given path 'pet' .......................................................... passed
And request requestUpdatePet .............................................. passed
When method put ........................................................... passed
Then status 400 ........................................................... failed

Stack Trace:
com.intuit.karate.exception.KarateException: UpdatePet.feature:16 - status code was: 500, expected: 400, response time: 764, url: https://petstore.swagger.io/v2/pet, response: {"code":500,"type":"unknown","message":"something bad happened"}&#13;
	at ✽.Then status 400 (UpdatePet.feature:16)</failure>
  </testcase>
  <testcase classname="karate.EP2_UpdatePet.UpdatePet" name="Request with invalid id" time="0.460784">
    <failure message="UpdatePet.feature:16 - status code was: 200, expected: 400, response time: 449, url: https://petstore.swagger.io/v2/pet, response: {&quot;photoUrls&quot;:[&quot;string4&quot;,&quot;string5&quot;,&quot;string6&quot;],&quot;name&quot;:&quot;Bianquito&quot;,&quot;id&quot;:9223372036854775807,&quot;category&quot;:{&quot;name&quot;:&quot;Perrete&quot;,&quot;id&quot;:1},&quot;tags&quot;:[{&quot;name&quot;:&quot;nariz de bolita&quot;,&quot;id&quot;:1}],&quot;status&quot;:&quot;available&quot;}">* url url ................................................................. passed
* def requestUpdatePet = read('classpath:karate/EP2_UpdatePet/UpdatePetBody.json') . passed
* set requestUpdatePet.id = 0 ............................................. passed
Given path 'pet' .......................................................... passed
And request requestUpdatePet .............................................. passed
When method put ........................................................... passed
Then status 200 ........................................................... passed
* url url ................................................................. passed
* def requestUpdatePet = read('classpath:karate/EP2_UpdatePet/UpdatePetBody.json') . passed
* set requestUpdatePet.id = "kekw" ........................................ passed
Given path 'pet' .......................................................... passed
And request requestUpdatePet .............................................. passed
When method put ........................................................... passed
Then status 400 ........................................................... failed

Stack Trace:
com.intuit.karate.exception.KarateException: UpdatePet.feature:16 - status code was: 500, expected: 400, response time: 764, url: https://petstore.swagger.io/v2/pet, response: {"code":500,"type":"unknown","message":"something bad happened"}&#13;
	at ✽.Then status 400 (UpdatePet.feature:16)&#13;

* url url ................................................................. passed
* def requestUpdatePet = read('classpath:karate/EP2_UpdatePet/UpdatePetBody.json') . passed
* set requestUpdatePet.id = "" ............................................ passed
Given path 'pet' .......................................................... passed
And request requestUpdatePet .............................................. passed
When method put ........................................................... passed
Then status 400 ........................................................... failed

Stack Trace:
com.intuit.karate.exception.KarateException: UpdatePet.feature:16 - status code was: 200, expected: 400, response time: 449, url: https://petstore.swagger.io/v2/pet, response: {"photoUrls":["string4","string5","string6"],"name":"Bianquito","id":9223372036854775807,"category":{"name":"Perrete","id":1},"tags":[{"name":"nariz de bolita","id":1}],"status":"available"}&#13;
	at ✽.Then status 400 (UpdatePet.feature:16)</failure>
  </testcase>
  <testcase classname="karate.EP2_UpdatePet.UpdatePet" name="Request with invalid id" time="0.45382">
    <failure message="UpdatePet.feature:16 - status code was: 200, expected: 400, response time: 449, url: https://petstore.swagger.io/v2/pet, response: {&quot;photoUrls&quot;:[&quot;string4&quot;,&quot;string5&quot;,&quot;string6&quot;],&quot;name&quot;:&quot;Bianquito&quot;,&quot;id&quot;:9223372036854775807,&quot;category&quot;:{&quot;name&quot;:&quot;Perrete&quot;,&quot;id&quot;:1},&quot;tags&quot;:[{&quot;name&quot;:&quot;nariz de bolita&quot;,&quot;id&quot;:1}],&quot;status&quot;:&quot;available&quot;}">* url url ................................................................. passed
* def requestUpdatePet = read('classpath:karate/EP2_UpdatePet/UpdatePetBody.json') . passed
* set requestUpdatePet.id = 0 ............................................. passed
Given path 'pet' .......................................................... passed
And request requestUpdatePet .............................................. passed
When method put ........................................................... passed
Then status 200 ........................................................... passed
* url url ................................................................. passed
* def requestUpdatePet = read('classpath:karate/EP2_UpdatePet/UpdatePetBody.json') . passed
* set requestUpdatePet.id = "kekw" ........................................ passed
Given path 'pet' .......................................................... passed
And request requestUpdatePet .............................................. passed
When method put ........................................................... passed
Then status 400 ........................................................... failed

Stack Trace:
com.intuit.karate.exception.KarateException: UpdatePet.feature:16 - status code was: 500, expected: 400, response time: 764, url: https://petstore.swagger.io/v2/pet, response: {"code":500,"type":"unknown","message":"something bad happened"}&#13;
	at ✽.Then status 400 (UpdatePet.feature:16)&#13;

* url url ................................................................. passed
* def requestUpdatePet = read('classpath:karate/EP2_UpdatePet/UpdatePetBody.json') . passed
* set requestUpdatePet.id = "" ............................................ passed
Given path 'pet' .......................................................... passed
And request requestUpdatePet .............................................. passed
When method put ........................................................... passed
Then status 400 ........................................................... failed

Stack Trace:
com.intuit.karate.exception.KarateException: UpdatePet.feature:16 - status code was: 200, expected: 400, response time: 449, url: https://petstore.swagger.io/v2/pet, response: {"photoUrls":["string4","string5","string6"],"name":"Bianquito","id":9223372036854775807,"category":{"name":"Perrete","id":1},"tags":[{"name":"nariz de bolita","id":1}],"status":"available"}&#13;
	at ✽.Then status 400 (UpdatePet.feature:16)&#13;

* url url ................................................................. passed
* def requestUpdatePet = read('classpath:karate/EP2_UpdatePet/UpdatePetBody.json') . passed
* set requestUpdatePet.id = null .......................................... passed
Given path 'pet' .......................................................... passed
And request requestUpdatePet .............................................. passed
When method put ........................................................... passed
Then status 400 ........................................................... failed

Stack Trace:
com.intuit.karate.exception.KarateException: UpdatePet.feature:16 - status code was: 200, expected: 400, response time: 449, url: https://petstore.swagger.io/v2/pet, response: {"photoUrls":["string4","string5","string6"],"name":"Bianquito","id":9223372036854775807,"category":{"name":"Perrete","id":1},"tags":[{"name":"nariz de bolita","id":1}],"status":"available"}&#13;
	at ✽.Then status 400 (UpdatePet.feature:16)</failure>
  </testcase>
  <testcase classname="karate.EP2_UpdatePet.UpdatePet" name="Request with invalid id" time="0.458492">
    <failure message="UpdatePet.feature:16 - status code was: 200, expected: 400, response time: 451, url: https://petstore.swagger.io/v2/pet, response: {&quot;photoUrls&quot;:[&quot;string4&quot;,&quot;string5&quot;,&quot;string6&quot;],&quot;name&quot;:&quot;Bianquito&quot;,&quot;id&quot;:9223372036854775807,&quot;category&quot;:{&quot;name&quot;:&quot;Perrete&quot;,&quot;id&quot;:1},&quot;tags&quot;:[{&quot;name&quot;:&quot;nariz de bolita&quot;,&quot;id&quot;:1}],&quot;status&quot;:&quot;available&quot;}">* url url ................................................................. passed
* def requestUpdatePet = read('classpath:karate/EP2_UpdatePet/UpdatePetBody.json') . passed
* set requestUpdatePet.id = 0 ............................................. passed
Given path 'pet' .......................................................... passed
And request requestUpdatePet .............................................. passed
When method put ........................................................... passed
Then status 200 ........................................................... passed
* url url ................................................................. passed
* def requestUpdatePet = read('classpath:karate/EP2_UpdatePet/UpdatePetBody.json') . passed
* set requestUpdatePet.id = "kekw" ........................................ passed
Given path 'pet' .......................................................... passed
And request requestUpdatePet .............................................. passed
When method put ........................................................... passed
Then status 400 ........................................................... failed

Stack Trace:
com.intuit.karate.exception.KarateException: UpdatePet.feature:16 - status code was: 500, expected: 400, response time: 764, url: https://petstore.swagger.io/v2/pet, response: {"code":500,"type":"unknown","message":"something bad happened"}&#13;
	at ✽.Then status 400 (UpdatePet.feature:16)&#13;

* url url ................................................................. passed
* def requestUpdatePet = read('classpath:karate/EP2_UpdatePet/UpdatePetBody.json') . passed
* set requestUpdatePet.id = "" ............................................ passed
Given path 'pet' .......................................................... passed
And request requestUpdatePet .............................................. passed
When method put ........................................................... passed
Then status 400 ........................................................... failed

Stack Trace:
com.intuit.karate.exception.KarateException: UpdatePet.feature:16 - status code was: 200, expected: 400, response time: 449, url: https://petstore.swagger.io/v2/pet, response: {"photoUrls":["string4","string5","string6"],"name":"Bianquito","id":9223372036854775807,"category":{"name":"Perrete","id":1},"tags":[{"name":"nariz de bolita","id":1}],"status":"available"}&#13;
	at ✽.Then status 400 (UpdatePet.feature:16)&#13;

* url url ................................................................. passed
* def requestUpdatePet = read('classpath:karate/EP2_UpdatePet/UpdatePetBody.json') . passed
* set requestUpdatePet.id = null .......................................... passed
Given path 'pet' .......................................................... passed
And request requestUpdatePet .............................................. passed
When method put ........................................................... passed
Then status 400 ........................................................... failed

Stack Trace:
com.intuit.karate.exception.KarateException: UpdatePet.feature:16 - status code was: 200, expected: 400, response time: 449, url: https://petstore.swagger.io/v2/pet, response: {"photoUrls":["string4","string5","string6"],"name":"Bianquito","id":9223372036854775807,"category":{"name":"Perrete","id":1},"tags":[{"name":"nariz de bolita","id":1}],"status":"available"}&#13;
	at ✽.Then status 400 (UpdatePet.feature:16)&#13;

* url url ................................................................. passed
* def requestUpdatePet = read('classpath:karate/EP2_UpdatePet/UpdatePetBody.json') . passed
* set requestUpdatePet.id = '' ............................................ passed
Given path 'pet' .......................................................... passed
And request requestUpdatePet .............................................. passed
When method put ........................................................... passed
Then status 400 ........................................................... failed

Stack Trace:
com.intuit.karate.exception.KarateException: UpdatePet.feature:16 - status code was: 200, expected: 400, response time: 451, url: https://petstore.swagger.io/v2/pet, response: {"photoUrls":["string4","string5","string6"],"name":"Bianquito","id":9223372036854775807,"category":{"name":"Perrete","id":1},"tags":[{"name":"nariz de bolita","id":1}],"status":"available"}&#13;
	at ✽.Then status 400 (UpdatePet.feature:16)</failure>
  </testcase>
  <testcase classname="karate.EP2_UpdatePet.UpdatePet" name="Request with invalid id" time="0.461705">
    <failure message="UpdatePet.feature:16 - status code was: 500, expected: 400, response time: 452, url: https://petstore.swagger.io/v2/pet, response: {&quot;code&quot;:500,&quot;type&quot;:&quot;unknown&quot;,&quot;message&quot;:&quot;something bad happened&quot;}">* url url ................................................................. passed
* def requestUpdatePet = read('classpath:karate/EP2_UpdatePet/UpdatePetBody.json') . passed
* set requestUpdatePet.id = 0 ............................................. passed
Given path 'pet' .......................................................... passed
And request requestUpdatePet .............................................. passed
When method put ........................................................... passed
Then status 200 ........................................................... passed
* url url ................................................................. passed
* def requestUpdatePet = read('classpath:karate/EP2_UpdatePet/UpdatePetBody.json') . passed
* set requestUpdatePet.id = "kekw" ........................................ passed
Given path 'pet' .......................................................... passed
And request requestUpdatePet .............................................. passed
When method put ........................................................... passed
Then status 400 ........................................................... failed

Stack Trace:
com.intuit.karate.exception.KarateException: UpdatePet.feature:16 - status code was: 500, expected: 400, response time: 764, url: https://petstore.swagger.io/v2/pet, response: {"code":500,"type":"unknown","message":"something bad happened"}&#13;
	at ✽.Then status 400 (UpdatePet.feature:16)&#13;

* url url ................................................................. passed
* def requestUpdatePet = read('classpath:karate/EP2_UpdatePet/UpdatePetBody.json') . passed
* set requestUpdatePet.id = "" ............................................ passed
Given path 'pet' .......................................................... passed
And request requestUpdatePet .............................................. passed
When method put ........................................................... passed
Then status 400 ........................................................... failed

Stack Trace:
com.intuit.karate.exception.KarateException: UpdatePet.feature:16 - status code was: 200, expected: 400, response time: 449, url: https://petstore.swagger.io/v2/pet, response: {"photoUrls":["string4","string5","string6"],"name":"Bianquito","id":9223372036854775807,"category":{"name":"Perrete","id":1},"tags":[{"name":"nariz de bolita","id":1}],"status":"available"}&#13;
	at ✽.Then status 400 (UpdatePet.feature:16)&#13;

* url url ................................................................. passed
* def requestUpdatePet = read('classpath:karate/EP2_UpdatePet/UpdatePetBody.json') . passed
* set requestUpdatePet.id = null .......................................... passed
Given path 'pet' .......................................................... passed
And request requestUpdatePet .............................................. passed
When method put ........................................................... passed
Then status 400 ........................................................... failed

Stack Trace:
com.intuit.karate.exception.KarateException: UpdatePet.feature:16 - status code was: 200, expected: 400, response time: 449, url: https://petstore.swagger.io/v2/pet, response: {"photoUrls":["string4","string5","string6"],"name":"Bianquito","id":9223372036854775807,"category":{"name":"Perrete","id":1},"tags":[{"name":"nariz de bolita","id":1}],"status":"available"}&#13;
	at ✽.Then status 400 (UpdatePet.feature:16)&#13;

* url url ................................................................. passed
* def requestUpdatePet = read('classpath:karate/EP2_UpdatePet/UpdatePetBody.json') . passed
* set requestUpdatePet.id = '' ............................................ passed
Given path 'pet' .......................................................... passed
And request requestUpdatePet .............................................. passed
When method put ........................................................... passed
Then status 400 ........................................................... failed

Stack Trace:
com.intuit.karate.exception.KarateException: UpdatePet.feature:16 - status code was: 200, expected: 400, response time: 451, url: https://petstore.swagger.io/v2/pet, response: {"photoUrls":["string4","string5","string6"],"name":"Bianquito","id":9223372036854775807,"category":{"name":"Perrete","id":1},"tags":[{"name":"nariz de bolita","id":1}],"status":"available"}&#13;
	at ✽.Then status 400 (UpdatePet.feature:16)&#13;

* url url ................................................................. passed
* def requestUpdatePet = read('classpath:karate/EP2_UpdatePet/UpdatePetBody.json') . passed
* set requestUpdatePet.id = "#$%&amp;" ........................................ passed
Given path 'pet' .......................................................... passed
And request requestUpdatePet .............................................. passed
When method put ........................................................... passed
Then status 400 ........................................................... failed

Stack Trace:
com.intuit.karate.exception.KarateException: UpdatePet.feature:16 - status code was: 500, expected: 400, response time: 452, url: https://petstore.swagger.io/v2/pet, response: {"code":500,"type":"unknown","message":"something bad happened"}&#13;
	at ✽.Then status 400 (UpdatePet.feature:16)</failure>
  </testcase>
  <testcase classname="karate.EP2_UpdatePet.UpdatePet" name="Request with invalid category.id" time="0.455749">
    <system-out>* url url ................................................................. passed
* def requestUpdatePet = read('classpath:karate/EP2_UpdatePet/UpdatePetBody.json') . passed
* set requestUpdatePet.id = 0 ............................................. passed
Given path 'pet' .......................................................... passed
And request requestUpdatePet .............................................. passed
When method put ........................................................... passed
Then status 200 ........................................................... passed
* url url ................................................................. passed
* def requestUpdatePet = read('classpath:karate/EP2_UpdatePet/UpdatePetBody.json') . passed
* set requestUpdatePet.id = "kekw" ........................................ passed
Given path 'pet' .......................................................... passed
And request requestUpdatePet .............................................. passed
When method put ........................................................... passed
Then status 400 ........................................................... failed

Stack Trace:
com.intuit.karate.exception.KarateException: UpdatePet.feature:16 - status code was: 500, expected: 400, response time: 764, url: https://petstore.swagger.io/v2/pet, response: {"code":500,"type":"unknown","message":"something bad happened"}&#13;
	at ✽.Then status 400 (UpdatePet.feature:16)&#13;

* url url ................................................................. passed
* def requestUpdatePet = read('classpath:karate/EP2_UpdatePet/UpdatePetBody.json') . passed
* set requestUpdatePet.id = "" ............................................ passed
Given path 'pet' .......................................................... passed
And request requestUpdatePet .............................................. passed
When method put ........................................................... passed
Then status 400 ........................................................... failed

Stack Trace:
com.intuit.karate.exception.KarateException: UpdatePet.feature:16 - status code was: 200, expected: 400, response time: 449, url: https://petstore.swagger.io/v2/pet, response: {"photoUrls":["string4","string5","string6"],"name":"Bianquito","id":9223372036854775807,"category":{"name":"Perrete","id":1},"tags":[{"name":"nariz de bolita","id":1}],"status":"available"}&#13;
	at ✽.Then status 400 (UpdatePet.feature:16)&#13;

* url url ................................................................. passed
* def requestUpdatePet = read('classpath:karate/EP2_UpdatePet/UpdatePetBody.json') . passed
* set requestUpdatePet.id = null .......................................... passed
Given path 'pet' .......................................................... passed
And request requestUpdatePet .............................................. passed
When method put ........................................................... passed
Then status 400 ........................................................... failed

Stack Trace:
com.intuit.karate.exception.KarateException: UpdatePet.feature:16 - status code was: 200, expected: 400, response time: 449, url: https://petstore.swagger.io/v2/pet, response: {"photoUrls":["string4","string5","string6"],"name":"Bianquito","id":9223372036854775807,"category":{"name":"Perrete","id":1},"tags":[{"name":"nariz de bolita","id":1}],"status":"available"}&#13;
	at ✽.Then status 400 (UpdatePet.feature:16)&#13;

* url url ................................................................. passed
* def requestUpdatePet = read('classpath:karate/EP2_UpdatePet/UpdatePetBody.json') . passed
* set requestUpdatePet.id = '' ............................................ passed
Given path 'pet' .......................................................... passed
And request requestUpdatePet .............................................. passed
When method put ........................................................... passed
Then status 400 ........................................................... failed

Stack Trace:
com.intuit.karate.exception.KarateException: UpdatePet.feature:16 - status code was: 200, expected: 400, response time: 451, url: https://petstore.swagger.io/v2/pet, response: {"photoUrls":["string4","string5","string6"],"name":"Bianquito","id":9223372036854775807,"category":{"name":"Perrete","id":1},"tags":[{"name":"nariz de bolita","id":1}],"status":"available"}&#13;
	at ✽.Then status 400 (UpdatePet.feature:16)&#13;

* url url ................................................................. passed
* def requestUpdatePet = read('classpath:karate/EP2_UpdatePet/UpdatePetBody.json') . passed
* set requestUpdatePet.id = "#$%&amp;" ........................................ passed
Given path 'pet' .......................................................... passed
And request requestUpdatePet .............................................. passed
When method put ........................................................... passed
Then status 400 ........................................................... failed

Stack Trace:
com.intuit.karate.exception.KarateException: UpdatePet.feature:16 - status code was: 500, expected: 400, response time: 452, url: https://petstore.swagger.io/v2/pet, response: {"code":500,"type":"unknown","message":"something bad happened"}&#13;
	at ✽.Then status 400 (UpdatePet.feature:16)&#13;

* url url ................................................................. passed
* def requestUpdatePet = read('classpath:karate/EP2_UpdatePet/UpdatePetBody.json') . passed
* set requestUpdatePet.category.id = 0 .................................... passed
Given path 'pet' .......................................................... passed
And request requestUpdatePet .............................................. passed
When method put ........................................................... passed
Then status 200 ........................................................... passed</system-out>
  </testcase>
  <testcase classname="karate.EP2_UpdatePet.UpdatePet" name="Request with invalid category.id" time="0.429393">
    <failure message="UpdatePet.feature:34 - status code was: 500, expected: 400, response time: 426, url: https://petstore.swagger.io/v2/pet, response: {&quot;code&quot;:500,&quot;type&quot;:&quot;unknown&quot;,&quot;message&quot;:&quot;something bad happened&quot;}">* url url ................................................................. passed
* def requestUpdatePet = read('classpath:karate/EP2_UpdatePet/UpdatePetBody.json') . passed
* set requestUpdatePet.id = 0 ............................................. passed
Given path 'pet' .......................................................... passed
And request requestUpdatePet .............................................. passed
When method put ........................................................... passed
Then status 200 ........................................................... passed
* url url ................................................................. passed
* def requestUpdatePet = read('classpath:karate/EP2_UpdatePet/UpdatePetBody.json') . passed
* set requestUpdatePet.id = "kekw" ........................................ passed
Given path 'pet' .......................................................... passed
And request requestUpdatePet .............................................. passed
When method put ........................................................... passed
Then status 400 ........................................................... failed

Stack Trace:
com.intuit.karate.exception.KarateException: UpdatePet.feature:16 - status code was: 500, expected: 400, response time: 764, url: https://petstore.swagger.io/v2/pet, response: {"code":500,"type":"unknown","message":"something bad happened"}&#13;
	at ✽.Then status 400 (UpdatePet.feature:16)&#13;

* url url ................................................................. passed
* def requestUpdatePet = read('classpath:karate/EP2_UpdatePet/UpdatePetBody.json') . passed
* set requestUpdatePet.id = "" ............................................ passed
Given path 'pet' .......................................................... passed
And request requestUpdatePet .............................................. passed
When method put ........................................................... passed
Then status 400 ........................................................... failed

Stack Trace:
com.intuit.karate.exception.KarateException: UpdatePet.feature:16 - status code was: 200, expected: 400, response time: 449, url: https://petstore.swagger.io/v2/pet, response: {"photoUrls":["string4","string5","string6"],"name":"Bianquito","id":9223372036854775807,"category":{"name":"Perrete","id":1},"tags":[{"name":"nariz de bolita","id":1}],"status":"available"}&#13;
	at ✽.Then status 400 (UpdatePet.feature:16)&#13;

* url url ................................................................. passed
* def requestUpdatePet = read('classpath:karate/EP2_UpdatePet/UpdatePetBody.json') . passed
* set requestUpdatePet.id = null .......................................... passed
Given path 'pet' .......................................................... passed
And request requestUpdatePet .............................................. passed
When method put ........................................................... passed
Then status 400 ........................................................... failed

Stack Trace:
com.intuit.karate.exception.KarateException: UpdatePet.feature:16 - status code was: 200, expected: 400, response time: 449, url: https://petstore.swagger.io/v2/pet, response: {"photoUrls":["string4","string5","string6"],"name":"Bianquito","id":9223372036854775807,"category":{"name":"Perrete","id":1},"tags":[{"name":"nariz de bolita","id":1}],"status":"available"}&#13;
	at ✽.Then status 400 (UpdatePet.feature:16)&#13;

* url url ................................................................. passed
* def requestUpdatePet = read('classpath:karate/EP2_UpdatePet/UpdatePetBody.json') . passed
* set requestUpdatePet.id = '' ............................................ passed
Given path 'pet' .......................................................... passed
And request requestUpdatePet .............................................. passed
When method put ........................................................... passed
Then status 400 ........................................................... failed

Stack Trace:
com.intuit.karate.exception.KarateException: UpdatePet.feature:16 - status code was: 200, expected: 400, response time: 451, url: https://petstore.swagger.io/v2/pet, response: {"photoUrls":["string4","string5","string6"],"name":"Bianquito","id":9223372036854775807,"category":{"name":"Perrete","id":1},"tags":[{"name":"nariz de bolita","id":1}],"status":"available"}&#13;
	at ✽.Then status 400 (UpdatePet.feature:16)&#13;

* url url ................................................................. passed
* def requestUpdatePet = read('classpath:karate/EP2_UpdatePet/UpdatePetBody.json') . passed
* set requestUpdatePet.id = "#$%&amp;" ........................................ passed
Given path 'pet' .......................................................... passed
And request requestUpdatePet .............................................. passed
When method put ........................................................... passed
Then status 400 ........................................................... failed

Stack Trace:
com.intuit.karate.exception.KarateException: UpdatePet.feature:16 - status code was: 500, expected: 400, response time: 452, url: https://petstore.swagger.io/v2/pet, response: {"code":500,"type":"unknown","message":"something bad happened"}&#13;
	at ✽.Then status 400 (UpdatePet.feature:16)&#13;

* url url ................................................................. passed
* def requestUpdatePet = read('classpath:karate/EP2_UpdatePet/UpdatePetBody.json') . passed
* set requestUpdatePet.category.id = 0 .................................... passed
Given path 'pet' .......................................................... passed
And request requestUpdatePet .............................................. passed
When method put ........................................................... passed
Then status 200 ........................................................... passed
* url url ................................................................. passed
* def requestUpdatePet = read('classpath:karate/EP2_UpdatePet/UpdatePetBody.json') . passed
* set requestUpdatePet.category.id = "kekw" ............................... passed
Given path 'pet' .......................................................... passed
And request requestUpdatePet .............................................. passed
When method put ........................................................... passed
Then status 400 ........................................................... failed

Stack Trace:
com.intuit.karate.exception.KarateException: UpdatePet.feature:34 - status code was: 500, expected: 400, response time: 426, url: https://petstore.swagger.io/v2/pet, response: {"code":500,"type":"unknown","message":"something bad happened"}&#13;
	at ✽.Then status 400 (UpdatePet.feature:34)</failure>
  </testcase>
  <testcase classname="karate.EP2_UpdatePet.UpdatePet" name="Request with invalid category.id" time="0.452972">
    <failure message="UpdatePet.feature:34 - status code was: 200, expected: 400, response time: 448, url: https://petstore.swagger.io/v2/pet, response: {&quot;photoUrls&quot;:[&quot;string4&quot;,&quot;string5&quot;,&quot;string6&quot;],&quot;name&quot;:&quot;Bianquito&quot;,&quot;id&quot;:15,&quot;category&quot;:{&quot;name&quot;:&quot;Perrete&quot;,&quot;id&quot;:0},&quot;tags&quot;:[{&quot;name&quot;:&quot;nariz de bolita&quot;,&quot;id&quot;:1}],&quot;status&quot;:&quot;available&quot;}">* url url ................................................................. passed
* def requestUpdatePet = read('classpath:karate/EP2_UpdatePet/UpdatePetBody.json') . passed
* set requestUpdatePet.id = 0 ............................................. passed
Given path 'pet' .......................................................... passed
And request requestUpdatePet .............................................. passed
When method put ........................................................... passed
Then status 200 ........................................................... passed
* url url ................................................................. passed
* def requestUpdatePet = read('classpath:karate/EP2_UpdatePet/UpdatePetBody.json') . passed
* set requestUpdatePet.id = "kekw" ........................................ passed
Given path 'pet' .......................................................... passed
And request requestUpdatePet .............................................. passed
When method put ........................................................... passed
Then status 400 ........................................................... failed

Stack Trace:
com.intuit.karate.exception.KarateException: UpdatePet.feature:16 - status code was: 500, expected: 400, response time: 764, url: https://petstore.swagger.io/v2/pet, response: {"code":500,"type":"unknown","message":"something bad happened"}&#13;
	at ✽.Then status 400 (UpdatePet.feature:16)&#13;

* url url ................................................................. passed
* def requestUpdatePet = read('classpath:karate/EP2_UpdatePet/UpdatePetBody.json') . passed
* set requestUpdatePet.id = "" ............................................ passed
Given path 'pet' .......................................................... passed
And request requestUpdatePet .............................................. passed
When method put ........................................................... passed
Then status 400 ........................................................... failed

Stack Trace:
com.intuit.karate.exception.KarateException: UpdatePet.feature:16 - status code was: 200, expected: 400, response time: 449, url: https://petstore.swagger.io/v2/pet, response: {"photoUrls":["string4","string5","string6"],"name":"Bianquito","id":9223372036854775807,"category":{"name":"Perrete","id":1},"tags":[{"name":"nariz de bolita","id":1}],"status":"available"}&#13;
	at ✽.Then status 400 (UpdatePet.feature:16)&#13;

* url url ................................................................. passed
* def requestUpdatePet = read('classpath:karate/EP2_UpdatePet/UpdatePetBody.json') . passed
* set requestUpdatePet.id = null .......................................... passed
Given path 'pet' .......................................................... passed
And request requestUpdatePet .............................................. passed
When method put ........................................................... passed
Then status 400 ........................................................... failed

Stack Trace:
com.intuit.karate.exception.KarateException: UpdatePet.feature:16 - status code was: 200, expected: 400, response time: 449, url: https://petstore.swagger.io/v2/pet, response: {"photoUrls":["string4","string5","string6"],"name":"Bianquito","id":9223372036854775807,"category":{"name":"Perrete","id":1},"tags":[{"name":"nariz de bolita","id":1}],"status":"available"}&#13;
	at ✽.Then status 400 (UpdatePet.feature:16)&#13;

* url url ................................................................. passed
* def requestUpdatePet = read('classpath:karate/EP2_UpdatePet/UpdatePetBody.json') . passed
* set requestUpdatePet.id = '' ............................................ passed
Given path 'pet' .......................................................... passed
And request requestUpdatePet .............................................. passed
When method put ........................................................... passed
Then status 400 ........................................................... failed

Stack Trace:
com.intuit.karate.exception.KarateException: UpdatePet.feature:16 - status code was: 200, expected: 400, response time: 451, url: https://petstore.swagger.io/v2/pet, response: {"photoUrls":["string4","string5","string6"],"name":"Bianquito","id":9223372036854775807,"category":{"name":"Perrete","id":1},"tags":[{"name":"nariz de bolita","id":1}],"status":"available"}&#13;
	at ✽.Then status 400 (UpdatePet.feature:16)&#13;

* url url ................................................................. passed
* def requestUpdatePet = read('classpath:karate/EP2_UpdatePet/UpdatePetBody.json') . passed
* set requestUpdatePet.id = "#$%&amp;" ........................................ passed
Given path 'pet' .......................................................... passed
And request requestUpdatePet .............................................. passed
When method put ........................................................... passed
Then status 400 ........................................................... failed

Stack Trace:
com.intuit.karate.exception.KarateException: UpdatePet.feature:16 - status code was: 500, expected: 400, response time: 452, url: https://petstore.swagger.io/v2/pet, response: {"code":500,"type":"unknown","message":"something bad happened"}&#13;
	at ✽.Then status 400 (UpdatePet.feature:16)&#13;

* url url ................................................................. passed
* def requestUpdatePet = read('classpath:karate/EP2_UpdatePet/UpdatePetBody.json') . passed
* set requestUpdatePet.category.id = 0 .................................... passed
Given path 'pet' .......................................................... passed
And request requestUpdatePet .............................................. passed
When method put ........................................................... passed
Then status 200 ........................................................... passed
* url url ................................................................. passed
* def requestUpdatePet = read('classpath:karate/EP2_UpdatePet/UpdatePetBody.json') . passed
* set requestUpdatePet.category.id = "kekw" ............................... passed
Given path 'pet' .......................................................... passed
And request requestUpdatePet .............................................. passed
When method put ........................................................... passed
Then status 400 ........................................................... failed

Stack Trace:
com.intuit.karate.exception.KarateException: UpdatePet.feature:34 - status code was: 500, expected: 400, response time: 426, url: https://petstore.swagger.io/v2/pet, response: {"code":500,"type":"unknown","message":"something bad happened"}&#13;
	at ✽.Then status 400 (UpdatePet.feature:34)&#13;

* url url ................................................................. passed
* def requestUpdatePet = read('classpath:karate/EP2_UpdatePet/UpdatePetBody.json') . passed
* set requestUpdatePet.category.id = "" ................................... passed
Given path 'pet' .......................................................... passed
And request requestUpdatePet .............................................. passed
When method put ........................................................... passed
Then status 400 ........................................................... failed

Stack Trace:
com.intuit.karate.exception.KarateException: UpdatePet.feature:34 - status code was: 200, expected: 400, response time: 448, url: https://petstore.swagger.io/v2/pet, response: {"photoUrls":["string4","string5","string6"],"name":"Bianquito","id":15,"category":{"name":"Perrete","id":0},"tags":[{"name":"nariz de bolita","id":1}],"status":"available"}&#13;
	at ✽.Then status 400 (UpdatePet.feature:34)</failure>
  </testcase>
  <testcase classname="karate.EP2_UpdatePet.UpdatePet" name="Request with invalid category.id" time="0.459701">
    <failure message="UpdatePet.feature:34 - status code was: 200, expected: 400, response time: 452, url: https://petstore.swagger.io/v2/pet, response: {&quot;photoUrls&quot;:[&quot;string4&quot;,&quot;string5&quot;,&quot;string6&quot;],&quot;name&quot;:&quot;Bianquito&quot;,&quot;id&quot;:15,&quot;category&quot;:{&quot;name&quot;:&quot;Perrete&quot;,&quot;id&quot;:0},&quot;tags&quot;:[{&quot;name&quot;:&quot;nariz de bolita&quot;,&quot;id&quot;:1}],&quot;status&quot;:&quot;available&quot;}">* url url ................................................................. passed
* def requestUpdatePet = read('classpath:karate/EP2_UpdatePet/UpdatePetBody.json') . passed
* set requestUpdatePet.id = 0 ............................................. passed
Given path 'pet' .......................................................... passed
And request requestUpdatePet .............................................. passed
When method put ........................................................... passed
Then status 200 ........................................................... passed
* url url ................................................................. passed
* def requestUpdatePet = read('classpath:karate/EP2_UpdatePet/UpdatePetBody.json') . passed
* set requestUpdatePet.id = "kekw" ........................................ passed
Given path 'pet' .......................................................... passed
And request requestUpdatePet .............................................. passed
When method put ........................................................... passed
Then status 400 ........................................................... failed

Stack Trace:
com.intuit.karate.exception.KarateException: UpdatePet.feature:16 - status code was: 500, expected: 400, response time: 764, url: https://petstore.swagger.io/v2/pet, response: {"code":500,"type":"unknown","message":"something bad happened"}&#13;
	at ✽.Then status 400 (UpdatePet.feature:16)&#13;

* url url ................................................................. passed
* def requestUpdatePet = read('classpath:karate/EP2_UpdatePet/UpdatePetBody.json') . passed
* set requestUpdatePet.id = "" ............................................ passed
Given path 'pet' .......................................................... passed
And request requestUpdatePet .............................................. passed
When method put ........................................................... passed
Then status 400 ........................................................... failed

Stack Trace:
com.intuit.karate.exception.KarateException: UpdatePet.feature:16 - status code was: 200, expected: 400, response time: 449, url: https://petstore.swagger.io/v2/pet, response: {"photoUrls":["string4","string5","string6"],"name":"Bianquito","id":9223372036854775807,"category":{"name":"Perrete","id":1},"tags":[{"name":"nariz de bolita","id":1}],"status":"available"}&#13;
	at ✽.Then status 400 (UpdatePet.feature:16)&#13;

* url url ................................................................. passed
* def requestUpdatePet = read('classpath:karate/EP2_UpdatePet/UpdatePetBody.json') . passed
* set requestUpdatePet.id = null .......................................... passed
Given path 'pet' .......................................................... passed
And request requestUpdatePet .............................................. passed
When method put ........................................................... passed
Then status 400 ........................................................... failed

Stack Trace:
com.intuit.karate.exception.KarateException: UpdatePet.feature:16 - status code was: 200, expected: 400, response time: 449, url: https://petstore.swagger.io/v2/pet, response: {"photoUrls":["string4","string5","string6"],"name":"Bianquito","id":9223372036854775807,"category":{"name":"Perrete","id":1},"tags":[{"name":"nariz de bolita","id":1}],"status":"available"}&#13;
	at ✽.Then status 400 (UpdatePet.feature:16)&#13;

* url url ................................................................. passed
* def requestUpdatePet = read('classpath:karate/EP2_UpdatePet/UpdatePetBody.json') . passed
* set requestUpdatePet.id = '' ............................................ passed
Given path 'pet' .......................................................... passed
And request requestUpdatePet .............................................. passed
When method put ........................................................... passed
Then status 400 ........................................................... failed

Stack Trace:
com.intuit.karate.exception.KarateException: UpdatePet.feature:16 - status code was: 200, expected: 400, response time: 451, url: https://petstore.swagger.io/v2/pet, response: {"photoUrls":["string4","string5","string6"],"name":"Bianquito","id":9223372036854775807,"category":{"name":"Perrete","id":1},"tags":[{"name":"nariz de bolita","id":1}],"status":"available"}&#13;
	at ✽.Then status 400 (UpdatePet.feature:16)&#13;

* url url ................................................................. passed
* def requestUpdatePet = read('classpath:karate/EP2_UpdatePet/UpdatePetBody.json') . passed
* set requestUpdatePet.id = "#$%&amp;" ........................................ passed
Given path 'pet' .......................................................... passed
And request requestUpdatePet .............................................. passed
When method put ........................................................... passed
Then status 400 ........................................................... failed

Stack Trace:
com.intuit.karate.exception.KarateException: UpdatePet.feature:16 - status code was: 500, expected: 400, response time: 452, url: https://petstore.swagger.io/v2/pet, response: {"code":500,"type":"unknown","message":"something bad happened"}&#13;
	at ✽.Then status 400 (UpdatePet.feature:16)&#13;

* url url ................................................................. passed
* def requestUpdatePet = read('classpath:karate/EP2_UpdatePet/UpdatePetBody.json') . passed
* set requestUpdatePet.category.id = 0 .................................... passed
Given path 'pet' .......................................................... passed
And request requestUpdatePet .............................................. passed
When method put ........................................................... passed
Then status 200 ........................................................... passed
* url url ................................................................. passed
* def requestUpdatePet = read('classpath:karate/EP2_UpdatePet/UpdatePetBody.json') . passed
* set requestUpdatePet.category.id = "kekw" ............................... passed
Given path 'pet' .......................................................... passed
And request requestUpdatePet .............................................. passed
When method put ........................................................... passed
Then status 400 ........................................................... failed

Stack Trace:
com.intuit.karate.exception.KarateException: UpdatePet.feature:34 - status code was: 500, expected: 400, response time: 426, url: https://petstore.swagger.io/v2/pet, response: {"code":500,"type":"unknown","message":"something bad happened"}&#13;
	at ✽.Then status 400 (UpdatePet.feature:34)&#13;

* url url ................................................................. passed
* def requestUpdatePet = read('classpath:karate/EP2_UpdatePet/UpdatePetBody.json') . passed
* set requestUpdatePet.category.id = "" ................................... passed
Given path 'pet' .......................................................... passed
And request requestUpdatePet .............................................. passed
When method put ........................................................... passed
Then status 400 ........................................................... failed

Stack Trace:
com.intuit.karate.exception.KarateException: UpdatePet.feature:34 - status code was: 200, expected: 400, response time: 448, url: https://petstore.swagger.io/v2/pet, response: {"photoUrls":["string4","string5","string6"],"name":"Bianquito","id":15,"category":{"name":"Perrete","id":0},"tags":[{"name":"nariz de bolita","id":1}],"status":"available"}&#13;
	at ✽.Then status 400 (UpdatePet.feature:34)&#13;

* url url ................................................................. passed
* def requestUpdatePet = read('classpath:karate/EP2_UpdatePet/UpdatePetBody.json') . passed
* set requestUpdatePet.category.id = null ................................. passed
Given path 'pet' .......................................................... passed
And request requestUpdatePet .............................................. passed
When method put ........................................................... passed
Then status 400 ........................................................... failed

Stack Trace:
com.intuit.karate.exception.KarateException: UpdatePet.feature:34 - status code was: 200, expected: 400, response time: 452, url: https://petstore.swagger.io/v2/pet, response: {"photoUrls":["string4","string5","string6"],"name":"Bianquito","id":15,"category":{"name":"Perrete","id":0},"tags":[{"name":"nariz de bolita","id":1}],"status":"available"}&#13;
	at ✽.Then status 400 (UpdatePet.feature:34)</failure>
  </testcase>
  <testcase classname="karate.EP2_UpdatePet.UpdatePet" name="Request with invalid category.id" time="0.448874">
    <failure message="UpdatePet.feature:34 - status code was: 200, expected: 400, response time: 444, url: https://petstore.swagger.io/v2/pet, response: {&quot;photoUrls&quot;:[&quot;string4&quot;,&quot;string5&quot;,&quot;string6&quot;],&quot;name&quot;:&quot;Bianquito&quot;,&quot;id&quot;:15,&quot;category&quot;:{&quot;name&quot;:&quot;Perrete&quot;,&quot;id&quot;:0},&quot;tags&quot;:[{&quot;name&quot;:&quot;nariz de bolita&quot;,&quot;id&quot;:1}],&quot;status&quot;:&quot;available&quot;}">* url url ................................................................. passed
* def requestUpdatePet = read('classpath:karate/EP2_UpdatePet/UpdatePetBody.json') . passed
* set requestUpdatePet.id = 0 ............................................. passed
Given path 'pet' .......................................................... passed
And request requestUpdatePet .............................................. passed
When method put ........................................................... passed
Then status 200 ........................................................... passed
* url url ................................................................. passed
* def requestUpdatePet = read('classpath:karate/EP2_UpdatePet/UpdatePetBody.json') . passed
* set requestUpdatePet.id = "kekw" ........................................ passed
Given path 'pet' .......................................................... passed
And request requestUpdatePet .............................................. passed
When method put ........................................................... passed
Then status 400 ........................................................... failed

Stack Trace:
com.intuit.karate.exception.KarateException: UpdatePet.feature:16 - status code was: 500, expected: 400, response time: 764, url: https://petstore.swagger.io/v2/pet, response: {"code":500,"type":"unknown","message":"something bad happened"}&#13;
	at ✽.Then status 400 (UpdatePet.feature:16)&#13;

* url url ................................................................. passed
* def requestUpdatePet = read('classpath:karate/EP2_UpdatePet/UpdatePetBody.json') . passed
* set requestUpdatePet.id = "" ............................................ passed
Given path 'pet' .......................................................... passed
And request requestUpdatePet .............................................. passed
When method put ........................................................... passed
Then status 400 ........................................................... failed

Stack Trace:
com.intuit.karate.exception.KarateException: UpdatePet.feature:16 - status code was: 200, expected: 400, response time: 449, url: https://petstore.swagger.io/v2/pet, response: {"photoUrls":["string4","string5","string6"],"name":"Bianquito","id":9223372036854775807,"category":{"name":"Perrete","id":1},"tags":[{"name":"nariz de bolita","id":1}],"status":"available"}&#13;
	at ✽.Then status 400 (UpdatePet.feature:16)&#13;

* url url ................................................................. passed
* def requestUpdatePet = read('classpath:karate/EP2_UpdatePet/UpdatePetBody.json') . passed
* set requestUpdatePet.id = null .......................................... passed
Given path 'pet' .......................................................... passed
And request requestUpdatePet .............................................. passed
When method put ........................................................... passed
Then status 400 ........................................................... failed

Stack Trace:
com.intuit.karate.exception.KarateException: UpdatePet.feature:16 - status code was: 200, expected: 400, response time: 449, url: https://petstore.swagger.io/v2/pet, response: {"photoUrls":["string4","string5","string6"],"name":"Bianquito","id":9223372036854775807,"category":{"name":"Perrete","id":1},"tags":[{"name":"nariz de bolita","id":1}],"status":"available"}&#13;
	at ✽.Then status 400 (UpdatePet.feature:16)&#13;

* url url ................................................................. passed
* def requestUpdatePet = read('classpath:karate/EP2_UpdatePet/UpdatePetBody.json') . passed
* set requestUpdatePet.id = '' ............................................ passed
Given path 'pet' .......................................................... passed
And request requestUpdatePet .............................................. passed
When method put ........................................................... passed
Then status 400 ........................................................... failed

Stack Trace:
com.intuit.karate.exception.KarateException: UpdatePet.feature:16 - status code was: 200, expected: 400, response time: 451, url: https://petstore.swagger.io/v2/pet, response: {"photoUrls":["string4","string5","string6"],"name":"Bianquito","id":9223372036854775807,"category":{"name":"Perrete","id":1},"tags":[{"name":"nariz de bolita","id":1}],"status":"available"}&#13;
	at ✽.Then status 400 (UpdatePet.feature:16)&#13;

* url url ................................................................. passed
* def requestUpdatePet = read('classpath:karate/EP2_UpdatePet/UpdatePetBody.json') . passed
* set requestUpdatePet.id = "#$%&amp;" ........................................ passed
Given path 'pet' .......................................................... passed
And request requestUpdatePet .............................................. passed
When method put ........................................................... passed
Then status 400 ........................................................... failed

Stack Trace:
com.intuit.karate.exception.KarateException: UpdatePet.feature:16 - status code was: 500, expected: 400, response time: 452, url: https://petstore.swagger.io/v2/pet, response: {"code":500,"type":"unknown","message":"something bad happened"}&#13;
	at ✽.Then status 400 (UpdatePet.feature:16)&#13;

* url url ................................................................. passed
* def requestUpdatePet = read('classpath:karate/EP2_UpdatePet/UpdatePetBody.json') . passed
* set requestUpdatePet.category.id = 0 .................................... passed
Given path 'pet' .......................................................... passed
And request requestUpdatePet .............................................. passed
When method put ........................................................... passed
Then status 200 ........................................................... passed
* url url ................................................................. passed
* def requestUpdatePet = read('classpath:karate/EP2_UpdatePet/UpdatePetBody.json') . passed
* set requestUpdatePet.category.id = "kekw" ............................... passed
Given path 'pet' .......................................................... passed
And request requestUpdatePet .............................................. passed
When method put ........................................................... passed
Then status 400 ........................................................... failed

Stack Trace:
com.intuit.karate.exception.KarateException: UpdatePet.feature:34 - status code was: 500, expected: 400, response time: 426, url: https://petstore.swagger.io/v2/pet, response: {"code":500,"type":"unknown","message":"something bad happened"}&#13;
	at ✽.Then status 400 (UpdatePet.feature:34)&#13;

* url url ................................................................. passed
* def requestUpdatePet = read('classpath:karate/EP2_UpdatePet/UpdatePetBody.json') . passed
* set requestUpdatePet.category.id = "" ................................... passed
Given path 'pet' .......................................................... passed
And request requestUpdatePet .............................................. passed
When method put ........................................................... passed
Then status 400 ........................................................... failed

Stack Trace:
com.intuit.karate.exception.KarateException: UpdatePet.feature:34 - status code was: 200, expected: 400, response time: 448, url: https://petstore.swagger.io/v2/pet, response: {"photoUrls":["string4","string5","string6"],"name":"Bianquito","id":15,"category":{"name":"Perrete","id":0},"tags":[{"name":"nariz de bolita","id":1}],"status":"available"}&#13;
	at ✽.Then status 400 (UpdatePet.feature:34)&#13;

* url url ................................................................. passed
* def requestUpdatePet = read('classpath:karate/EP2_UpdatePet/UpdatePetBody.json') . passed
* set requestUpdatePet.category.id = null ................................. passed
Given path 'pet' .......................................................... passed
And request requestUpdatePet .............................................. passed
When method put ........................................................... passed
Then status 400 ........................................................... failed

Stack Trace:
com.intuit.karate.exception.KarateException: UpdatePet.feature:34 - status code was: 200, expected: 400, response time: 452, url: https://petstore.swagger.io/v2/pet, response: {"photoUrls":["string4","string5","string6"],"name":"Bianquito","id":15,"category":{"name":"Perrete","id":0},"tags":[{"name":"nariz de bolita","id":1}],"status":"available"}&#13;
	at ✽.Then status 400 (UpdatePet.feature:34)&#13;

* url url ................................................................. passed
* def requestUpdatePet = read('classpath:karate/EP2_UpdatePet/UpdatePetBody.json') . passed
* set requestUpdatePet.category.id = '' ................................... passed
Given path 'pet' .......................................................... passed
And request requestUpdatePet .............................................. passed
When method put ........................................................... passed
Then status 400 ........................................................... failed

Stack Trace:
com.intuit.karate.exception.KarateException: UpdatePet.feature:34 - status code was: 200, expected: 400, response time: 444, url: https://petstore.swagger.io/v2/pet, response: {"photoUrls":["string4","string5","string6"],"name":"Bianquito","id":15,"category":{"name":"Perrete","id":0},"tags":[{"name":"nariz de bolita","id":1}],"status":"available"}&#13;
	at ✽.Then status 400 (UpdatePet.feature:34)</failure>
  </testcase>
  <testcase classname="karate.EP2_UpdatePet.UpdatePet" name="Request with invalid category.id" time="0.460487">
    <failure message="UpdatePet.feature:34 - status code was: 500, expected: 400, response time: 453, url: https://petstore.swagger.io/v2/pet, response: {&quot;code&quot;:500,&quot;type&quot;:&quot;unknown&quot;,&quot;message&quot;:&quot;something bad happened&quot;}">* url url ................................................................. passed
* def requestUpdatePet = read('classpath:karate/EP2_UpdatePet/UpdatePetBody.json') . passed
* set requestUpdatePet.id = 0 ............................................. passed
Given path 'pet' .......................................................... passed
And request requestUpdatePet .............................................. passed
When method put ........................................................... passed
Then status 200 ........................................................... passed
* url url ................................................................. passed
* def requestUpdatePet = read('classpath:karate/EP2_UpdatePet/UpdatePetBody.json') . passed
* set requestUpdatePet.id = "kekw" ........................................ passed
Given path 'pet' .......................................................... passed
And request requestUpdatePet .............................................. passed
When method put ........................................................... passed
Then status 400 ........................................................... failed

Stack Trace:
com.intuit.karate.exception.KarateException: UpdatePet.feature:16 - status code was: 500, expected: 400, response time: 764, url: https://petstore.swagger.io/v2/pet, response: {"code":500,"type":"unknown","message":"something bad happened"}&#13;
	at ✽.Then status 400 (UpdatePet.feature:16)&#13;

* url url ................................................................. passed
* def requestUpdatePet = read('classpath:karate/EP2_UpdatePet/UpdatePetBody.json') . passed
* set requestUpdatePet.id = "" ............................................ passed
Given path 'pet' .......................................................... passed
And request requestUpdatePet .............................................. passed
When method put ........................................................... passed
Then status 400 ........................................................... failed

Stack Trace:
com.intuit.karate.exception.KarateException: UpdatePet.feature:16 - status code was: 200, expected: 400, response time: 449, url: https://petstore.swagger.io/v2/pet, response: {"photoUrls":["string4","string5","string6"],"name":"Bianquito","id":9223372036854775807,"category":{"name":"Perrete","id":1},"tags":[{"name":"nariz de bolita","id":1}],"status":"available"}&#13;
	at ✽.Then status 400 (UpdatePet.feature:16)&#13;

* url url ................................................................. passed
* def requestUpdatePet = read('classpath:karate/EP2_UpdatePet/UpdatePetBody.json') . passed
* set requestUpdatePet.id = null .......................................... passed
Given path 'pet' .......................................................... passed
And request requestUpdatePet .............................................. passed
When method put ........................................................... passed
Then status 400 ........................................................... failed

Stack Trace:
com.intuit.karate.exception.KarateException: UpdatePet.feature:16 - status code was: 200, expected: 400, response time: 449, url: https://petstore.swagger.io/v2/pet, response: {"photoUrls":["string4","string5","string6"],"name":"Bianquito","id":9223372036854775807,"category":{"name":"Perrete","id":1},"tags":[{"name":"nariz de bolita","id":1}],"status":"available"}&#13;
	at ✽.Then status 400 (UpdatePet.feature:16)&#13;

* url url ................................................................. passed
* def requestUpdatePet = read('classpath:karate/EP2_UpdatePet/UpdatePetBody.json') . passed
* set requestUpdatePet.id = '' ............................................ passed
Given path 'pet' .......................................................... passed
And request requestUpdatePet .............................................. passed
When method put ........................................................... passed
Then status 400 ........................................................... failed

Stack Trace:
com.intuit.karate.exception.KarateException: UpdatePet.feature:16 - status code was: 200, expected: 400, response time: 451, url: https://petstore.swagger.io/v2/pet, response: {"photoUrls":["string4","string5","string6"],"name":"Bianquito","id":9223372036854775807,"category":{"name":"Perrete","id":1},"tags":[{"name":"nariz de bolita","id":1}],"status":"available"}&#13;
	at ✽.Then status 400 (UpdatePet.feature:16)&#13;

* url url ................................................................. passed
* def requestUpdatePet = read('classpath:karate/EP2_UpdatePet/UpdatePetBody.json') . passed
* set requestUpdatePet.id = "#$%&amp;" ........................................ passed
Given path 'pet' .......................................................... passed
And request requestUpdatePet .............................................. passed
When method put ........................................................... passed
Then status 400 ........................................................... failed

Stack Trace:
com.intuit.karate.exception.KarateException: UpdatePet.feature:16 - status code was: 500, expected: 400, response time: 452, url: https://petstore.swagger.io/v2/pet, response: {"code":500,"type":"unknown","message":"something bad happened"}&#13;
	at ✽.Then status 400 (UpdatePet.feature:16)&#13;

* url url ................................................................. passed
* def requestUpdatePet = read('classpath:karate/EP2_UpdatePet/UpdatePetBody.json') . passed
* set requestUpdatePet.category.id = 0 .................................... passed
Given path 'pet' .......................................................... passed
And request requestUpdatePet .............................................. passed
When method put ........................................................... passed
Then status 200 ........................................................... passed
* url url ................................................................. passed
* def requestUpdatePet = read('classpath:karate/EP2_UpdatePet/UpdatePetBody.json') . passed
* set requestUpdatePet.category.id = "kekw" ............................... passed
Given path 'pet' .......................................................... passed
And request requestUpdatePet .............................................. passed
When method put ........................................................... passed
Then status 400 ........................................................... failed

Stack Trace:
com.intuit.karate.exception.KarateException: UpdatePet.feature:34 - status code was: 500, expected: 400, response time: 426, url: https://petstore.swagger.io/v2/pet, response: {"code":500,"type":"unknown","message":"something bad happened"}&#13;
	at ✽.Then status 400 (UpdatePet.feature:34)&#13;

* url url ................................................................. passed
* def requestUpdatePet = read('classpath:karate/EP2_UpdatePet/UpdatePetBody.json') . passed
* set requestUpdatePet.category.id = "" ................................... passed
Given path 'pet' .......................................................... passed
And request requestUpdatePet .............................................. passed
When method put ........................................................... passed
Then status 400 ........................................................... failed

Stack Trace:
com.intuit.karate.exception.KarateException: UpdatePet.feature:34 - status code was: 200, expected: 400, response time: 448, url: https://petstore.swagger.io/v2/pet, response: {"photoUrls":["string4","string5","string6"],"name":"Bianquito","id":15,"category":{"name":"Perrete","id":0},"tags":[{"name":"nariz de bolita","id":1}],"status":"available"}&#13;
	at ✽.Then status 400 (UpdatePet.feature:34)&#13;

* url url ................................................................. passed
* def requestUpdatePet = read('classpath:karate/EP2_UpdatePet/UpdatePetBody.json') . passed
* set requestUpdatePet.category.id = null ................................. passed
Given path 'pet' .......................................................... passed
And request requestUpdatePet .............................................. passed
When method put ........................................................... passed
Then status 400 ........................................................... failed

Stack Trace:
com.intuit.karate.exception.KarateException: UpdatePet.feature:34 - status code was: 200, expected: 400, response time: 452, url: https://petstore.swagger.io/v2/pet, response: {"photoUrls":["string4","string5","string6"],"name":"Bianquito","id":15,"category":{"name":"Perrete","id":0},"tags":[{"name":"nariz de bolita","id":1}],"status":"available"}&#13;
	at ✽.Then status 400 (UpdatePet.feature:34)&#13;

* url url ................................................................. passed
* def requestUpdatePet = read('classpath:karate/EP2_UpdatePet/UpdatePetBody.json') . passed
* set requestUpdatePet.category.id = '' ................................... passed
Given path 'pet' .......................................................... passed
And request requestUpdatePet .............................................. passed
When method put ........................................................... passed
Then status 400 ........................................................... failed

Stack Trace:
com.intuit.karate.exception.KarateException: UpdatePet.feature:34 - status code was: 200, expected: 400, response time: 444, url: https://petstore.swagger.io/v2/pet, response: {"photoUrls":["string4","string5","string6"],"name":"Bianquito","id":15,"category":{"name":"Perrete","id":0},"tags":[{"name":"nariz de bolita","id":1}],"status":"available"}&#13;
	at ✽.Then status 400 (UpdatePet.feature:34)&#13;

* url url ................................................................. passed
* def requestUpdatePet = read('classpath:karate/EP2_UpdatePet/UpdatePetBody.json') . passed
* set requestUpdatePet.category.id = "#$%&amp;" ............................... passed
Given path 'pet' .......................................................... passed
And request requestUpdatePet .............................................. passed
When method put ........................................................... passed
Then status 400 ........................................................... failed

Stack Trace:
com.intuit.karate.exception.KarateException: UpdatePet.feature:34 - status code was: 500, expected: 400, response time: 453, url: https://petstore.swagger.io/v2/pet, response: {"code":500,"type":"unknown","message":"something bad happened"}&#13;
	at ✽.Then status 400 (UpdatePet.feature:34)</failure>
  </testcase>
  <testcase classname="karate.EP2_UpdatePet.UpdatePet" name="Check the service PUT method" time="0.527112">
    <system-out>* url url ................................................................. passed
* def requestUpdatePet = read('classpath:karate/EP2_UpdatePet/UpdatePetBody.json') . passed
* set requestUpdatePet.id = 0 ............................................. passed
Given path 'pet' .......................................................... passed
And request requestUpdatePet .............................................. passed
When method put ........................................................... passed
Then status 200 ........................................................... passed
* url url ................................................................. passed
* def requestUpdatePet = read('classpath:karate/EP2_UpdatePet/UpdatePetBody.json') . passed
* set requestUpdatePet.id = "kekw" ........................................ passed
Given path 'pet' .......................................................... passed
And request requestUpdatePet .............................................. passed
When method put ........................................................... passed
Then status 400 ........................................................... failed

Stack Trace:
com.intuit.karate.exception.KarateException: UpdatePet.feature:16 - status code was: 500, expected: 400, response time: 764, url: https://petstore.swagger.io/v2/pet, response: {"code":500,"type":"unknown","message":"something bad happened"}&#13;
	at ✽.Then status 400 (UpdatePet.feature:16)&#13;

* url url ................................................................. passed
* def requestUpdatePet = read('classpath:karate/EP2_UpdatePet/UpdatePetBody.json') . passed
* set requestUpdatePet.id = "" ............................................ passed
Given path 'pet' .......................................................... passed
And request requestUpdatePet .............................................. passed
When method put ........................................................... passed
Then status 400 ........................................................... failed

Stack Trace:
com.intuit.karate.exception.KarateException: UpdatePet.feature:16 - status code was: 200, expected: 400, response time: 449, url: https://petstore.swagger.io/v2/pet, response: {"photoUrls":["string4","string5","string6"],"name":"Bianquito","id":9223372036854775807,"category":{"name":"Perrete","id":1},"tags":[{"name":"nariz de bolita","id":1}],"status":"available"}&#13;
	at ✽.Then status 400 (UpdatePet.feature:16)&#13;

* url url ................................................................. passed
* def requestUpdatePet = read('classpath:karate/EP2_UpdatePet/UpdatePetBody.json') . passed
* set requestUpdatePet.id = null .......................................... passed
Given path 'pet' .......................................................... passed
And request requestUpdatePet .............................................. passed
When method put ........................................................... passed
Then status 400 ........................................................... failed

Stack Trace:
com.intuit.karate.exception.KarateException: UpdatePet.feature:16 - status code was: 200, expected: 400, response time: 449, url: https://petstore.swagger.io/v2/pet, response: {"photoUrls":["string4","string5","string6"],"name":"Bianquito","id":9223372036854775807,"category":{"name":"Perrete","id":1},"tags":[{"name":"nariz de bolita","id":1}],"status":"available"}&#13;
	at ✽.Then status 400 (UpdatePet.feature:16)&#13;

* url url ................................................................. passed
* def requestUpdatePet = read('classpath:karate/EP2_UpdatePet/UpdatePetBody.json') . passed
* set requestUpdatePet.id = '' ............................................ passed
Given path 'pet' .......................................................... passed
And request requestUpdatePet .............................................. passed
When method put ........................................................... passed
Then status 400 ........................................................... failed

Stack Trace:
com.intuit.karate.exception.KarateException: UpdatePet.feature:16 - status code was: 200, expected: 400, response time: 451, url: https://petstore.swagger.io/v2/pet, response: {"photoUrls":["string4","string5","string6"],"name":"Bianquito","id":9223372036854775807,"category":{"name":"Perrete","id":1},"tags":[{"name":"nariz de bolita","id":1}],"status":"available"}&#13;
	at ✽.Then status 400 (UpdatePet.feature:16)&#13;

* url url ................................................................. passed
* def requestUpdatePet = read('classpath:karate/EP2_UpdatePet/UpdatePetBody.json') . passed
* set requestUpdatePet.id = "#$%&amp;" ........................................ passed
Given path 'pet' .......................................................... passed
And request requestUpdatePet .............................................. passed
When method put ........................................................... passed
Then status 400 ........................................................... failed

Stack Trace:
com.intuit.karate.exception.KarateException: UpdatePet.feature:16 - status code was: 500, expected: 400, response time: 452, url: https://petstore.swagger.io/v2/pet, response: {"code":500,"type":"unknown","message":"something bad happened"}&#13;
	at ✽.Then status 400 (UpdatePet.feature:16)&#13;

* url url ................................................................. passed
* def requestUpdatePet = read('classpath:karate/EP2_UpdatePet/UpdatePetBody.json') . passed
* set requestUpdatePet.category.id = 0 .................................... passed
Given path 'pet' .......................................................... passed
And request requestUpdatePet .............................................. passed
When method put ........................................................... passed
Then status 200 ........................................................... passed
* url url ................................................................. passed
* def requestUpdatePet = read('classpath:karate/EP2_UpdatePet/UpdatePetBody.json') . passed
* set requestUpdatePet.category.id = "kekw" ............................... passed
Given path 'pet' .......................................................... passed
And request requestUpdatePet .............................................. passed
When method put ........................................................... passed
Then status 400 ........................................................... failed

Stack Trace:
com.intuit.karate.exception.KarateException: UpdatePet.feature:34 - status code was: 500, expected: 400, response time: 426, url: https://petstore.swagger.io/v2/pet, response: {"code":500,"type":"unknown","message":"something bad happened"}&#13;
	at ✽.Then status 400 (UpdatePet.feature:34)&#13;

* url url ................................................................. passed
* def requestUpdatePet = read('classpath:karate/EP2_UpdatePet/UpdatePetBody.json') . passed
* set requestUpdatePet.category.id = "" ................................... passed
Given path 'pet' .......................................................... passed
And request requestUpdatePet .............................................. passed
When method put ........................................................... passed
Then status 400 ........................................................... failed

Stack Trace:
com.intuit.karate.exception.KarateException: UpdatePet.feature:34 - status code was: 200, expected: 400, response time: 448, url: https://petstore.swagger.io/v2/pet, response: {"photoUrls":["string4","string5","string6"],"name":"Bianquito","id":15,"category":{"name":"Perrete","id":0},"tags":[{"name":"nariz de bolita","id":1}],"status":"available"}&#13;
	at ✽.Then status 400 (UpdatePet.feature:34)&#13;

* url url ................................................................. passed
* def requestUpdatePet = read('classpath:karate/EP2_UpdatePet/UpdatePetBody.json') . passed
* set requestUpdatePet.category.id = null ................................. passed
Given path 'pet' .......................................................... passed
And request requestUpdatePet .............................................. passed
When method put ........................................................... passed
Then status 400 ........................................................... failed

Stack Trace:
com.intuit.karate.exception.KarateException: UpdatePet.feature:34 - status code was: 200, expected: 400, response time: 452, url: https://petstore.swagger.io/v2/pet, response: {"photoUrls":["string4","string5","string6"],"name":"Bianquito","id":15,"category":{"name":"Perrete","id":0},"tags":[{"name":"nariz de bolita","id":1}],"status":"available"}&#13;
	at ✽.Then status 400 (UpdatePet.feature:34)&#13;

* url url ................................................................. passed
* def requestUpdatePet = read('classpath:karate/EP2_UpdatePet/UpdatePetBody.json') . passed
* set requestUpdatePet.category.id = '' ................................... passed
Given path 'pet' .......................................................... passed
And request requestUpdatePet .............................................. passed
When method put ........................................................... passed
Then status 400 ........................................................... failed

Stack Trace:
com.intuit.karate.exception.KarateException: UpdatePet.feature:34 - status code was: 200, expected: 400, response time: 444, url: https://petstore.swagger.io/v2/pet, response: {"photoUrls":["string4","string5","string6"],"name":"Bianquito","id":15,"category":{"name":"Perrete","id":0},"tags":[{"name":"nariz de bolita","id":1}],"status":"available"}&#13;
	at ✽.Then status 400 (UpdatePet.feature:34)&#13;

* url url ................................................................. passed
* def requestUpdatePet = read('classpath:karate/EP2_UpdatePet/UpdatePetBody.json') . passed
* set requestUpdatePet.category.id = "#$%&amp;" ............................... passed
Given path 'pet' .......................................................... passed
And request requestUpdatePet .............................................. passed
When method put ........................................................... passed
Then status 400 ........................................................... failed

Stack Trace:
com.intuit.karate.exception.KarateException: UpdatePet.feature:34 - status code was: 500, expected: 400, response time: 453, url: https://petstore.swagger.io/v2/pet, response: {"code":500,"type":"unknown","message":"something bad happened"}&#13;
	at ✽.Then status 400 (UpdatePet.feature:34)&#13;

* url url ................................................................. passed
* def requestUpdatePet = read('classpath:karate/EP2_UpdatePet/UpdatePetBody.json') . passed
* def responseUpdatePet = read('classpath:karate/EP2_UpdatePet/responseUpdatePet.json') . passed
Given path 'pet' .......................................................... passed
And request requestUpdatePet .............................................. passed
When method put ........................................................... passed
Then status 200 ........................................................... passed
And match response == responseUpdatePet ................................... passed
And assert response.id == requestUpdatePet.id ............................. passed
And assert response.category.id == requestUpdatePet.category.id ........... passed
And assert response.category.name == requestUpdatePet.category.name ....... passed
And assert response.name == requestUpdatePet.name ......................... passed
And match response.photoUrls == requestUpdatePet.photoUrls ................ passed
And assert response.tags.id == requestUpdatePet.tags.id ................... passed
And assert response.tags.name == requestUpdatePet.tags.name ............... passed
And assert response.status == requestUpdatePet.status ..................... passed</system-out>
  </testcase>
</testsuite>
