<testsuite failures="12" name="karate/EP1_AddPet/AddPet.feature" skipped="0" tests="13" time="9.32449">
  <testcase classname="karate.EP1_AddPet.AddPet" name="Check the service POST method" time="1.768734">
    <system-out>* url url ................................................................. passed
* def requestAddPet = read('classpath:karate/EP1_AddPet/AddPetBody.json') . passed
* def responseAddPet = read('classpath:karate/EP1_AddPet/responseAddPet.json') . passed
Given path 'pet' .......................................................... passed
And request requestAddPet ................................................. passed
When method post .......................................................... passed
Then status 200 ........................................................... passed
And match response == responseAddPet ...................................... passed
And assert response.id == requestAddPet.id ................................ passed
And assert response.category.id == requestAddPet.category.id .............. passed
And assert response.category.name == requestAddPet.category.name .......... passed
And assert response.name == requestAddPet.name ............................ passed
And match response.photoUrls == requestAddPet.photoUrls ................... passed
And assert response.tags.id == requestAddPet.tags.id ...................... passed
And assert response.tags.name == requestAddPet.tags.name .................. passed
And assert response.status == requestAddPet.status ........................ passed</system-out>
  </testcase>
  <testcase classname="karate.EP1_AddPet.AddPet" name="Request with invalid id" time="0.484628">
    <failure message="AddPet.feature:34 - status code was: 200, expected: 400, response time: 476, url: https://petstore.swagger.io/v2/pet, response: {&quot;photoUrls&quot;:[&quot;string&quot;,&quot;string2&quot;,&quot;string3&quot;],&quot;name&quot;:&quot;Bianco&quot;,&quot;id&quot;:9223372036854775807,&quot;category&quot;:{&quot;name&quot;:&quot;Perro&quot;,&quot;id&quot;:1},&quot;tags&quot;:[{&quot;name&quot;:&quot;string&quot;,&quot;id&quot;:1}],&quot;status&quot;:&quot;available&quot;}">* url url ................................................................. passed
* def requestAddPet = read('classpath:karate/EP1_AddPet/AddPetBody.json') . passed
* def responseAddPet = read('classpath:karate/EP1_AddPet/responseAddPet.json') . passed
Given path 'pet' .......................................................... passed
And request requestAddPet ................................................. passed
When method post .......................................................... passed
Then status 200 ........................................................... passed
And match response == responseAddPet ...................................... passed
And assert response.id == requestAddPet.id ................................ passed
And assert response.category.id == requestAddPet.category.id .............. passed
And assert response.category.name == requestAddPet.category.name .......... passed
And assert response.name == requestAddPet.name ............................ passed
And match response.photoUrls == requestAddPet.photoUrls ................... passed
And assert response.tags.id == requestAddPet.tags.id ...................... passed
And assert response.tags.name == requestAddPet.tags.name .................. passed
And assert response.status == requestAddPet.status ........................ passed
* url url ................................................................. passed
* def requestAddPet = read('classpath:karate/EP1_AddPet/AddPetBody.json') . passed
* set requestAddPet.id = 0 ................................................ passed
Given path 'pet' .......................................................... passed
And request requestAddPet ................................................. passed
When method post .......................................................... passed
Then status 400 ........................................................... failed

Stack Trace:
com.intuit.karate.exception.KarateException: AddPet.feature:34 - status code was: 200, expected: 400, response time: 476, url: https://petstore.swagger.io/v2/pet, response: {"photoUrls":["string","string2","string3"],"name":"Bianco","id":9223372036854775807,"category":{"name":"Perro","id":1},"tags":[{"name":"string","id":1}],"status":"available"}&#13;
	at ✽.Then status 400 (AddPet.feature:34)</failure>
  </testcase>
  <testcase classname="karate.EP1_AddPet.AddPet" name="Request with invalid id" time="0.465609">
    <failure message="AddPet.feature:34 - status code was: 500, expected: 400, response time: 454, url: https://petstore.swagger.io/v2/pet, response: {&quot;code&quot;:500,&quot;type&quot;:&quot;unknown&quot;,&quot;message&quot;:&quot;something bad happened&quot;}">* url url ................................................................. passed
* def requestAddPet = read('classpath:karate/EP1_AddPet/AddPetBody.json') . passed
* def responseAddPet = read('classpath:karate/EP1_AddPet/responseAddPet.json') . passed
Given path 'pet' .......................................................... passed
And request requestAddPet ................................................. passed
When method post .......................................................... passed
Then status 200 ........................................................... passed
And match response == responseAddPet ...................................... passed
And assert response.id == requestAddPet.id ................................ passed
And assert response.category.id == requestAddPet.category.id .............. passed
And assert response.category.name == requestAddPet.category.name .......... passed
And assert response.name == requestAddPet.name ............................ passed
And match response.photoUrls == requestAddPet.photoUrls ................... passed
And assert response.tags.id == requestAddPet.tags.id ...................... passed
And assert response.tags.name == requestAddPet.tags.name .................. passed
And assert response.status == requestAddPet.status ........................ passed
* url url ................................................................. passed
* def requestAddPet = read('classpath:karate/EP1_AddPet/AddPetBody.json') . passed
* set requestAddPet.id = 0 ................................................ passed
Given path 'pet' .......................................................... passed
And request requestAddPet ................................................. passed
When method post .......................................................... passed
Then status 400 ........................................................... failed

Stack Trace:
com.intuit.karate.exception.KarateException: AddPet.feature:34 - status code was: 200, expected: 400, response time: 476, url: https://petstore.swagger.io/v2/pet, response: {"photoUrls":["string","string2","string3"],"name":"Bianco","id":9223372036854775807,"category":{"name":"Perro","id":1},"tags":[{"name":"string","id":1}],"status":"available"}&#13;
	at ✽.Then status 400 (AddPet.feature:34)&#13;

* url url ................................................................. passed
* def requestAddPet = read('classpath:karate/EP1_AddPet/AddPetBody.json') . passed
* set requestAddPet.id = "kekw" ........................................... passed
Given path 'pet' .......................................................... passed
And request requestAddPet ................................................. passed
When method post .......................................................... passed
Then status 400 ........................................................... failed

Stack Trace:
com.intuit.karate.exception.KarateException: AddPet.feature:34 - status code was: 500, expected: 400, response time: 454, url: https://petstore.swagger.io/v2/pet, response: {"code":500,"type":"unknown","message":"something bad happened"}&#13;
	at ✽.Then status 400 (AddPet.feature:34)</failure>
  </testcase>
  <testcase classname="karate.EP1_AddPet.AddPet" name="Request with invalid id" time="1.331408">
    <failure message="AddPet.feature:34 - status code was: 200, expected: 400, response time: 1321, url: https://petstore.swagger.io/v2/pet, response: {&quot;photoUrls&quot;:[&quot;string&quot;,&quot;string2&quot;,&quot;string3&quot;],&quot;name&quot;:&quot;Bianco&quot;,&quot;id&quot;:9223372036854775807,&quot;category&quot;:{&quot;name&quot;:&quot;Perro&quot;,&quot;id&quot;:1},&quot;tags&quot;:[{&quot;name&quot;:&quot;string&quot;,&quot;id&quot;:1}],&quot;status&quot;:&quot;available&quot;}">* url url ................................................................. passed
* def requestAddPet = read('classpath:karate/EP1_AddPet/AddPetBody.json') . passed
* def responseAddPet = read('classpath:karate/EP1_AddPet/responseAddPet.json') . passed
Given path 'pet' .......................................................... passed
And request requestAddPet ................................................. passed
When method post .......................................................... passed
Then status 200 ........................................................... passed
And match response == responseAddPet ...................................... passed
And assert response.id == requestAddPet.id ................................ passed
And assert response.category.id == requestAddPet.category.id .............. passed
And assert response.category.name == requestAddPet.category.name .......... passed
And assert response.name == requestAddPet.name ............................ passed
And match response.photoUrls == requestAddPet.photoUrls ................... passed
And assert response.tags.id == requestAddPet.tags.id ...................... passed
And assert response.tags.name == requestAddPet.tags.name .................. passed
And assert response.status == requestAddPet.status ........................ passed
* url url ................................................................. passed
* def requestAddPet = read('classpath:karate/EP1_AddPet/AddPetBody.json') . passed
* set requestAddPet.id = 0 ................................................ passed
Given path 'pet' .......................................................... passed
And request requestAddPet ................................................. passed
When method post .......................................................... passed
Then status 400 ........................................................... failed

Stack Trace:
com.intuit.karate.exception.KarateException: AddPet.feature:34 - status code was: 200, expected: 400, response time: 476, url: https://petstore.swagger.io/v2/pet, response: {"photoUrls":["string","string2","string3"],"name":"Bianco","id":9223372036854775807,"category":{"name":"Perro","id":1},"tags":[{"name":"string","id":1}],"status":"available"}&#13;
	at ✽.Then status 400 (AddPet.feature:34)&#13;

* url url ................................................................. passed
* def requestAddPet = read('classpath:karate/EP1_AddPet/AddPetBody.json') . passed
* set requestAddPet.id = "kekw" ........................................... passed
Given path 'pet' .......................................................... passed
And request requestAddPet ................................................. passed
When method post .......................................................... passed
Then status 400 ........................................................... failed

Stack Trace:
com.intuit.karate.exception.KarateException: AddPet.feature:34 - status code was: 500, expected: 400, response time: 454, url: https://petstore.swagger.io/v2/pet, response: {"code":500,"type":"unknown","message":"something bad happened"}&#13;
	at ✽.Then status 400 (AddPet.feature:34)&#13;

* url url ................................................................. passed
* def requestAddPet = read('classpath:karate/EP1_AddPet/AddPetBody.json') . passed
* set requestAddPet.id = "" ............................................... passed
Given path 'pet' .......................................................... passed
And request requestAddPet ................................................. passed
When method post .......................................................... passed
Then status 400 ........................................................... failed

Stack Trace:
com.intuit.karate.exception.KarateException: AddPet.feature:34 - status code was: 200, expected: 400, response time: 1321, url: https://petstore.swagger.io/v2/pet, response: {"photoUrls":["string","string2","string3"],"name":"Bianco","id":9223372036854775807,"category":{"name":"Perro","id":1},"tags":[{"name":"string","id":1}],"status":"available"}&#13;
	at ✽.Then status 400 (AddPet.feature:34)</failure>
  </testcase>
  <testcase classname="karate.EP1_AddPet.AddPet" name="Request with invalid id" time="0.499559">
    <failure message="AddPet.feature:34 - status code was: 200, expected: 400, response time: 492, url: https://petstore.swagger.io/v2/pet, response: {&quot;photoUrls&quot;:[&quot;string&quot;,&quot;string2&quot;,&quot;string3&quot;],&quot;name&quot;:&quot;Bianco&quot;,&quot;id&quot;:9223372036854775807,&quot;category&quot;:{&quot;name&quot;:&quot;Perro&quot;,&quot;id&quot;:1},&quot;tags&quot;:[{&quot;name&quot;:&quot;string&quot;,&quot;id&quot;:1}],&quot;status&quot;:&quot;available&quot;}">* url url ................................................................. passed
* def requestAddPet = read('classpath:karate/EP1_AddPet/AddPetBody.json') . passed
* def responseAddPet = read('classpath:karate/EP1_AddPet/responseAddPet.json') . passed
Given path 'pet' .......................................................... passed
And request requestAddPet ................................................. passed
When method post .......................................................... passed
Then status 200 ........................................................... passed
And match response == responseAddPet ...................................... passed
And assert response.id == requestAddPet.id ................................ passed
And assert response.category.id == requestAddPet.category.id .............. passed
And assert response.category.name == requestAddPet.category.name .......... passed
And assert response.name == requestAddPet.name ............................ passed
And match response.photoUrls == requestAddPet.photoUrls ................... passed
And assert response.tags.id == requestAddPet.tags.id ...................... passed
And assert response.tags.name == requestAddPet.tags.name .................. passed
And assert response.status == requestAddPet.status ........................ passed
* url url ................................................................. passed
* def requestAddPet = read('classpath:karate/EP1_AddPet/AddPetBody.json') . passed
* set requestAddPet.id = 0 ................................................ passed
Given path 'pet' .......................................................... passed
And request requestAddPet ................................................. passed
When method post .......................................................... passed
Then status 400 ........................................................... failed

Stack Trace:
com.intuit.karate.exception.KarateException: AddPet.feature:34 - status code was: 200, expected: 400, response time: 476, url: https://petstore.swagger.io/v2/pet, response: {"photoUrls":["string","string2","string3"],"name":"Bianco","id":9223372036854775807,"category":{"name":"Perro","id":1},"tags":[{"name":"string","id":1}],"status":"available"}&#13;
	at ✽.Then status 400 (AddPet.feature:34)&#13;

* url url ................................................................. passed
* def requestAddPet = read('classpath:karate/EP1_AddPet/AddPetBody.json') . passed
* set requestAddPet.id = "kekw" ........................................... passed
Given path 'pet' .......................................................... passed
And request requestAddPet ................................................. passed
When method post .......................................................... passed
Then status 400 ........................................................... failed

Stack Trace:
com.intuit.karate.exception.KarateException: AddPet.feature:34 - status code was: 500, expected: 400, response time: 454, url: https://petstore.swagger.io/v2/pet, response: {"code":500,"type":"unknown","message":"something bad happened"}&#13;
	at ✽.Then status 400 (AddPet.feature:34)&#13;

* url url ................................................................. passed
* def requestAddPet = read('classpath:karate/EP1_AddPet/AddPetBody.json') . passed
* set requestAddPet.id = "" ............................................... passed
Given path 'pet' .......................................................... passed
And request requestAddPet ................................................. passed
When method post .......................................................... passed
Then status 400 ........................................................... failed

Stack Trace:
com.intuit.karate.exception.KarateException: AddPet.feature:34 - status code was: 200, expected: 400, response time: 1321, url: https://petstore.swagger.io/v2/pet, response: {"photoUrls":["string","string2","string3"],"name":"Bianco","id":9223372036854775807,"category":{"name":"Perro","id":1},"tags":[{"name":"string","id":1}],"status":"available"}&#13;
	at ✽.Then status 400 (AddPet.feature:34)&#13;

* url url ................................................................. passed
* def requestAddPet = read('classpath:karate/EP1_AddPet/AddPetBody.json') . passed
* set requestAddPet.id = null ............................................. passed
Given path 'pet' .......................................................... passed
And request requestAddPet ................................................. passed
When method post .......................................................... passed
Then status 400 ........................................................... failed

Stack Trace:
com.intuit.karate.exception.KarateException: AddPet.feature:34 - status code was: 200, expected: 400, response time: 492, url: https://petstore.swagger.io/v2/pet, response: {"photoUrls":["string","string2","string3"],"name":"Bianco","id":9223372036854775807,"category":{"name":"Perro","id":1},"tags":[{"name":"string","id":1}],"status":"available"}&#13;
	at ✽.Then status 400 (AddPet.feature:34)</failure>
  </testcase>
  <testcase classname="karate.EP1_AddPet.AddPet" name="Request with invalid id" time="0.622888">
    <failure message="AddPet.feature:34 - status code was: 200, expected: 400, response time: 615, url: https://petstore.swagger.io/v2/pet, response: {&quot;photoUrls&quot;:[&quot;string&quot;,&quot;string2&quot;,&quot;string3&quot;],&quot;name&quot;:&quot;Bianco&quot;,&quot;id&quot;:9223372036854775807,&quot;category&quot;:{&quot;name&quot;:&quot;Perro&quot;,&quot;id&quot;:1},&quot;tags&quot;:[{&quot;name&quot;:&quot;string&quot;,&quot;id&quot;:1}],&quot;status&quot;:&quot;available&quot;}">* url url ................................................................. passed
* def requestAddPet = read('classpath:karate/EP1_AddPet/AddPetBody.json') . passed
* def responseAddPet = read('classpath:karate/EP1_AddPet/responseAddPet.json') . passed
Given path 'pet' .......................................................... passed
And request requestAddPet ................................................. passed
When method post .......................................................... passed
Then status 200 ........................................................... passed
And match response == responseAddPet ...................................... passed
And assert response.id == requestAddPet.id ................................ passed
And assert response.category.id == requestAddPet.category.id .............. passed
And assert response.category.name == requestAddPet.category.name .......... passed
And assert response.name == requestAddPet.name ............................ passed
And match response.photoUrls == requestAddPet.photoUrls ................... passed
And assert response.tags.id == requestAddPet.tags.id ...................... passed
And assert response.tags.name == requestAddPet.tags.name .................. passed
And assert response.status == requestAddPet.status ........................ passed
* url url ................................................................. passed
* def requestAddPet = read('classpath:karate/EP1_AddPet/AddPetBody.json') . passed
* set requestAddPet.id = 0 ................................................ passed
Given path 'pet' .......................................................... passed
And request requestAddPet ................................................. passed
When method post .......................................................... passed
Then status 400 ........................................................... failed

Stack Trace:
com.intuit.karate.exception.KarateException: AddPet.feature:34 - status code was: 200, expected: 400, response time: 476, url: https://petstore.swagger.io/v2/pet, response: {"photoUrls":["string","string2","string3"],"name":"Bianco","id":9223372036854775807,"category":{"name":"Perro","id":1},"tags":[{"name":"string","id":1}],"status":"available"}&#13;
	at ✽.Then status 400 (AddPet.feature:34)&#13;

* url url ................................................................. passed
* def requestAddPet = read('classpath:karate/EP1_AddPet/AddPetBody.json') . passed
* set requestAddPet.id = "kekw" ........................................... passed
Given path 'pet' .......................................................... passed
And request requestAddPet ................................................. passed
When method post .......................................................... passed
Then status 400 ........................................................... failed

Stack Trace:
com.intuit.karate.exception.KarateException: AddPet.feature:34 - status code was: 500, expected: 400, response time: 454, url: https://petstore.swagger.io/v2/pet, response: {"code":500,"type":"unknown","message":"something bad happened"}&#13;
	at ✽.Then status 400 (AddPet.feature:34)&#13;

* url url ................................................................. passed
* def requestAddPet = read('classpath:karate/EP1_AddPet/AddPetBody.json') . passed
* set requestAddPet.id = "" ............................................... passed
Given path 'pet' .......................................................... passed
And request requestAddPet ................................................. passed
When method post .......................................................... passed
Then status 400 ........................................................... failed

Stack Trace:
com.intuit.karate.exception.KarateException: AddPet.feature:34 - status code was: 200, expected: 400, response time: 1321, url: https://petstore.swagger.io/v2/pet, response: {"photoUrls":["string","string2","string3"],"name":"Bianco","id":9223372036854775807,"category":{"name":"Perro","id":1},"tags":[{"name":"string","id":1}],"status":"available"}&#13;
	at ✽.Then status 400 (AddPet.feature:34)&#13;

* url url ................................................................. passed
* def requestAddPet = read('classpath:karate/EP1_AddPet/AddPetBody.json') . passed
* set requestAddPet.id = null ............................................. passed
Given path 'pet' .......................................................... passed
And request requestAddPet ................................................. passed
When method post .......................................................... passed
Then status 400 ........................................................... failed

Stack Trace:
com.intuit.karate.exception.KarateException: AddPet.feature:34 - status code was: 200, expected: 400, response time: 492, url: https://petstore.swagger.io/v2/pet, response: {"photoUrls":["string","string2","string3"],"name":"Bianco","id":9223372036854775807,"category":{"name":"Perro","id":1},"tags":[{"name":"string","id":1}],"status":"available"}&#13;
	at ✽.Then status 400 (AddPet.feature:34)&#13;

* url url ................................................................. passed
* def requestAddPet = read('classpath:karate/EP1_AddPet/AddPetBody.json') . passed
* set requestAddPet.id = '' ............................................... passed
Given path 'pet' .......................................................... passed
And request requestAddPet ................................................. passed
When method post .......................................................... passed
Then status 400 ........................................................... failed

Stack Trace:
com.intuit.karate.exception.KarateException: AddPet.feature:34 - status code was: 200, expected: 400, response time: 615, url: https://petstore.swagger.io/v2/pet, response: {"photoUrls":["string","string2","string3"],"name":"Bianco","id":9223372036854775807,"category":{"name":"Perro","id":1},"tags":[{"name":"string","id":1}],"status":"available"}&#13;
	at ✽.Then status 400 (AddPet.feature:34)</failure>
  </testcase>
  <testcase classname="karate.EP1_AddPet.AddPet" name="Request with invalid id" time="0.447398">
    <failure message="AddPet.feature:34 - status code was: 500, expected: 400, response time: 440, url: https://petstore.swagger.io/v2/pet, response: {&quot;code&quot;:500,&quot;type&quot;:&quot;unknown&quot;,&quot;message&quot;:&quot;something bad happened&quot;}">* url url ................................................................. passed
* def requestAddPet = read('classpath:karate/EP1_AddPet/AddPetBody.json') . passed
* def responseAddPet = read('classpath:karate/EP1_AddPet/responseAddPet.json') . passed
Given path 'pet' .......................................................... passed
And request requestAddPet ................................................. passed
When method post .......................................................... passed
Then status 200 ........................................................... passed
And match response == responseAddPet ...................................... passed
And assert response.id == requestAddPet.id ................................ passed
And assert response.category.id == requestAddPet.category.id .............. passed
And assert response.category.name == requestAddPet.category.name .......... passed
And assert response.name == requestAddPet.name ............................ passed
And match response.photoUrls == requestAddPet.photoUrls ................... passed
And assert response.tags.id == requestAddPet.tags.id ...................... passed
And assert response.tags.name == requestAddPet.tags.name .................. passed
And assert response.status == requestAddPet.status ........................ passed
* url url ................................................................. passed
* def requestAddPet = read('classpath:karate/EP1_AddPet/AddPetBody.json') . passed
* set requestAddPet.id = 0 ................................................ passed
Given path 'pet' .......................................................... passed
And request requestAddPet ................................................. passed
When method post .......................................................... passed
Then status 400 ........................................................... failed

Stack Trace:
com.intuit.karate.exception.KarateException: AddPet.feature:34 - status code was: 200, expected: 400, response time: 476, url: https://petstore.swagger.io/v2/pet, response: {"photoUrls":["string","string2","string3"],"name":"Bianco","id":9223372036854775807,"category":{"name":"Perro","id":1},"tags":[{"name":"string","id":1}],"status":"available"}&#13;
	at ✽.Then status 400 (AddPet.feature:34)&#13;

* url url ................................................................. passed
* def requestAddPet = read('classpath:karate/EP1_AddPet/AddPetBody.json') . passed
* set requestAddPet.id = "kekw" ........................................... passed
Given path 'pet' .......................................................... passed
And request requestAddPet ................................................. passed
When method post .......................................................... passed
Then status 400 ........................................................... failed

Stack Trace:
com.intuit.karate.exception.KarateException: AddPet.feature:34 - status code was: 500, expected: 400, response time: 454, url: https://petstore.swagger.io/v2/pet, response: {"code":500,"type":"unknown","message":"something bad happened"}&#13;
	at ✽.Then status 400 (AddPet.feature:34)&#13;

* url url ................................................................. passed
* def requestAddPet = read('classpath:karate/EP1_AddPet/AddPetBody.json') . passed
* set requestAddPet.id = "" ............................................... passed
Given path 'pet' .......................................................... passed
And request requestAddPet ................................................. passed
When method post .......................................................... passed
Then status 400 ........................................................... failed

Stack Trace:
com.intuit.karate.exception.KarateException: AddPet.feature:34 - status code was: 200, expected: 400, response time: 1321, url: https://petstore.swagger.io/v2/pet, response: {"photoUrls":["string","string2","string3"],"name":"Bianco","id":9223372036854775807,"category":{"name":"Perro","id":1},"tags":[{"name":"string","id":1}],"status":"available"}&#13;
	at ✽.Then status 400 (AddPet.feature:34)&#13;

* url url ................................................................. passed
* def requestAddPet = read('classpath:karate/EP1_AddPet/AddPetBody.json') . passed
* set requestAddPet.id = null ............................................. passed
Given path 'pet' .......................................................... passed
And request requestAddPet ................................................. passed
When method post .......................................................... passed
Then status 400 ........................................................... failed

Stack Trace:
com.intuit.karate.exception.KarateException: AddPet.feature:34 - status code was: 200, expected: 400, response time: 492, url: https://petstore.swagger.io/v2/pet, response: {"photoUrls":["string","string2","string3"],"name":"Bianco","id":9223372036854775807,"category":{"name":"Perro","id":1},"tags":[{"name":"string","id":1}],"status":"available"}&#13;
	at ✽.Then status 400 (AddPet.feature:34)&#13;

* url url ................................................................. passed
* def requestAddPet = read('classpath:karate/EP1_AddPet/AddPetBody.json') . passed
* set requestAddPet.id = '' ............................................... passed
Given path 'pet' .......................................................... passed
And request requestAddPet ................................................. passed
When method post .......................................................... passed
Then status 400 ........................................................... failed

Stack Trace:
com.intuit.karate.exception.KarateException: AddPet.feature:34 - status code was: 200, expected: 400, response time: 615, url: https://petstore.swagger.io/v2/pet, response: {"photoUrls":["string","string2","string3"],"name":"Bianco","id":9223372036854775807,"category":{"name":"Perro","id":1},"tags":[{"name":"string","id":1}],"status":"available"}&#13;
	at ✽.Then status 400 (AddPet.feature:34)&#13;

* url url ................................................................. passed
* def requestAddPet = read('classpath:karate/EP1_AddPet/AddPetBody.json') . passed
* set requestAddPet.id = "#$%&amp;" ........................................... passed
Given path 'pet' .......................................................... passed
And request requestAddPet ................................................. passed
When method post .......................................................... passed
Then status 400 ........................................................... failed

Stack Trace:
com.intuit.karate.exception.KarateException: AddPet.feature:34 - status code was: 500, expected: 400, response time: 440, url: https://petstore.swagger.io/v2/pet, response: {"code":500,"type":"unknown","message":"something bad happened"}&#13;
	at ✽.Then status 400 (AddPet.feature:34)</failure>
  </testcase>
  <testcase classname="karate.EP1_AddPet.AddPet" name="Request with invalid category.id" time="0.479091">
    <failure message="AddPet.feature:52 - status code was: 200, expected: 400, response time: 471, url: https://petstore.swagger.io/v2/pet, response: {&quot;photoUrls&quot;:[&quot;string&quot;,&quot;string2&quot;,&quot;string3&quot;],&quot;name&quot;:&quot;Bianco&quot;,&quot;id&quot;:15,&quot;category&quot;:{&quot;name&quot;:&quot;Perro&quot;,&quot;id&quot;:0},&quot;tags&quot;:[{&quot;name&quot;:&quot;string&quot;,&quot;id&quot;:1}],&quot;status&quot;:&quot;available&quot;}">* url url ................................................................. passed
* def requestAddPet = read('classpath:karate/EP1_AddPet/AddPetBody.json') . passed
* def responseAddPet = read('classpath:karate/EP1_AddPet/responseAddPet.json') . passed
Given path 'pet' .......................................................... passed
And request requestAddPet ................................................. passed
When method post .......................................................... passed
Then status 200 ........................................................... passed
And match response == responseAddPet ...................................... passed
And assert response.id == requestAddPet.id ................................ passed
And assert response.category.id == requestAddPet.category.id .............. passed
And assert response.category.name == requestAddPet.category.name .......... passed
And assert response.name == requestAddPet.name ............................ passed
And match response.photoUrls == requestAddPet.photoUrls ................... passed
And assert response.tags.id == requestAddPet.tags.id ...................... passed
And assert response.tags.name == requestAddPet.tags.name .................. passed
And assert response.status == requestAddPet.status ........................ passed
* url url ................................................................. passed
* def requestAddPet = read('classpath:karate/EP1_AddPet/AddPetBody.json') . passed
* set requestAddPet.id = 0 ................................................ passed
Given path 'pet' .......................................................... passed
And request requestAddPet ................................................. passed
When method post .......................................................... passed
Then status 400 ........................................................... failed

Stack Trace:
com.intuit.karate.exception.KarateException: AddPet.feature:34 - status code was: 200, expected: 400, response time: 476, url: https://petstore.swagger.io/v2/pet, response: {"photoUrls":["string","string2","string3"],"name":"Bianco","id":9223372036854775807,"category":{"name":"Perro","id":1},"tags":[{"name":"string","id":1}],"status":"available"}&#13;
	at ✽.Then status 400 (AddPet.feature:34)&#13;

* url url ................................................................. passed
* def requestAddPet = read('classpath:karate/EP1_AddPet/AddPetBody.json') . passed
* set requestAddPet.id = "kekw" ........................................... passed
Given path 'pet' .......................................................... passed
And request requestAddPet ................................................. passed
When method post .......................................................... passed
Then status 400 ........................................................... failed

Stack Trace:
com.intuit.karate.exception.KarateException: AddPet.feature:34 - status code was: 500, expected: 400, response time: 454, url: https://petstore.swagger.io/v2/pet, response: {"code":500,"type":"unknown","message":"something bad happened"}&#13;
	at ✽.Then status 400 (AddPet.feature:34)&#13;

* url url ................................................................. passed
* def requestAddPet = read('classpath:karate/EP1_AddPet/AddPetBody.json') . passed
* set requestAddPet.id = "" ............................................... passed
Given path 'pet' .......................................................... passed
And request requestAddPet ................................................. passed
When method post .......................................................... passed
Then status 400 ........................................................... failed

Stack Trace:
com.intuit.karate.exception.KarateException: AddPet.feature:34 - status code was: 200, expected: 400, response time: 1321, url: https://petstore.swagger.io/v2/pet, response: {"photoUrls":["string","string2","string3"],"name":"Bianco","id":9223372036854775807,"category":{"name":"Perro","id":1},"tags":[{"name":"string","id":1}],"status":"available"}&#13;
	at ✽.Then status 400 (AddPet.feature:34)&#13;

* url url ................................................................. passed
* def requestAddPet = read('classpath:karate/EP1_AddPet/AddPetBody.json') . passed
* set requestAddPet.id = null ............................................. passed
Given path 'pet' .......................................................... passed
And request requestAddPet ................................................. passed
When method post .......................................................... passed
Then status 400 ........................................................... failed

Stack Trace:
com.intuit.karate.exception.KarateException: AddPet.feature:34 - status code was: 200, expected: 400, response time: 492, url: https://petstore.swagger.io/v2/pet, response: {"photoUrls":["string","string2","string3"],"name":"Bianco","id":9223372036854775807,"category":{"name":"Perro","id":1},"tags":[{"name":"string","id":1}],"status":"available"}&#13;
	at ✽.Then status 400 (AddPet.feature:34)&#13;

* url url ................................................................. passed
* def requestAddPet = read('classpath:karate/EP1_AddPet/AddPetBody.json') . passed
* set requestAddPet.id = '' ............................................... passed
Given path 'pet' .......................................................... passed
And request requestAddPet ................................................. passed
When method post .......................................................... passed
Then status 400 ........................................................... failed

Stack Trace:
com.intuit.karate.exception.KarateException: AddPet.feature:34 - status code was: 200, expected: 400, response time: 615, url: https://petstore.swagger.io/v2/pet, response: {"photoUrls":["string","string2","string3"],"name":"Bianco","id":9223372036854775807,"category":{"name":"Perro","id":1},"tags":[{"name":"string","id":1}],"status":"available"}&#13;
	at ✽.Then status 400 (AddPet.feature:34)&#13;

* url url ................................................................. passed
* def requestAddPet = read('classpath:karate/EP1_AddPet/AddPetBody.json') . passed
* set requestAddPet.id = "#$%&amp;" ........................................... passed
Given path 'pet' .......................................................... passed
And request requestAddPet ................................................. passed
When method post .......................................................... passed
Then status 400 ........................................................... failed

Stack Trace:
com.intuit.karate.exception.KarateException: AddPet.feature:34 - status code was: 500, expected: 400, response time: 440, url: https://petstore.swagger.io/v2/pet, response: {"code":500,"type":"unknown","message":"something bad happened"}&#13;
	at ✽.Then status 400 (AddPet.feature:34)&#13;

* url url ................................................................. passed
* def requestAddPet = read('classpath:karate/EP1_AddPet/AddPetBody.json') . passed
* set requestAddPet.category.id = 0 ....................................... passed
Given path 'pet' .......................................................... passed
And request requestAddPet ................................................. passed
When method post .......................................................... passed
Then status 400 ........................................................... failed

Stack Trace:
com.intuit.karate.exception.KarateException: AddPet.feature:52 - status code was: 200, expected: 400, response time: 471, url: https://petstore.swagger.io/v2/pet, response: {"photoUrls":["string","string2","string3"],"name":"Bianco","id":15,"category":{"name":"Perro","id":0},"tags":[{"name":"string","id":1}],"status":"available"}&#13;
	at ✽.Then status 400 (AddPet.feature:52)</failure>
  </testcase>
  <testcase classname="karate.EP1_AddPet.AddPet" name="Request with invalid category.id" time="0.826839">
    <failure message="AddPet.feature:52 - status code was: 500, expected: 400, response time: 821, url: https://petstore.swagger.io/v2/pet, response: {&quot;code&quot;:500,&quot;type&quot;:&quot;unknown&quot;,&quot;message&quot;:&quot;something bad happened&quot;}">* url url ................................................................. passed
* def requestAddPet = read('classpath:karate/EP1_AddPet/AddPetBody.json') . passed
* def responseAddPet = read('classpath:karate/EP1_AddPet/responseAddPet.json') . passed
Given path 'pet' .......................................................... passed
And request requestAddPet ................................................. passed
When method post .......................................................... passed
Then status 200 ........................................................... passed
And match response == responseAddPet ...................................... passed
And assert response.id == requestAddPet.id ................................ passed
And assert response.category.id == requestAddPet.category.id .............. passed
And assert response.category.name == requestAddPet.category.name .......... passed
And assert response.name == requestAddPet.name ............................ passed
And match response.photoUrls == requestAddPet.photoUrls ................... passed
And assert response.tags.id == requestAddPet.tags.id ...................... passed
And assert response.tags.name == requestAddPet.tags.name .................. passed
And assert response.status == requestAddPet.status ........................ passed
* url url ................................................................. passed
* def requestAddPet = read('classpath:karate/EP1_AddPet/AddPetBody.json') . passed
* set requestAddPet.id = 0 ................................................ passed
Given path 'pet' .......................................................... passed
And request requestAddPet ................................................. passed
When method post .......................................................... passed
Then status 400 ........................................................... failed

Stack Trace:
com.intuit.karate.exception.KarateException: AddPet.feature:34 - status code was: 200, expected: 400, response time: 476, url: https://petstore.swagger.io/v2/pet, response: {"photoUrls":["string","string2","string3"],"name":"Bianco","id":9223372036854775807,"category":{"name":"Perro","id":1},"tags":[{"name":"string","id":1}],"status":"available"}&#13;
	at ✽.Then status 400 (AddPet.feature:34)&#13;

* url url ................................................................. passed
* def requestAddPet = read('classpath:karate/EP1_AddPet/AddPetBody.json') . passed
* set requestAddPet.id = "kekw" ........................................... passed
Given path 'pet' .......................................................... passed
And request requestAddPet ................................................. passed
When method post .......................................................... passed
Then status 400 ........................................................... failed

Stack Trace:
com.intuit.karate.exception.KarateException: AddPet.feature:34 - status code was: 500, expected: 400, response time: 454, url: https://petstore.swagger.io/v2/pet, response: {"code":500,"type":"unknown","message":"something bad happened"}&#13;
	at ✽.Then status 400 (AddPet.feature:34)&#13;

* url url ................................................................. passed
* def requestAddPet = read('classpath:karate/EP1_AddPet/AddPetBody.json') . passed
* set requestAddPet.id = "" ............................................... passed
Given path 'pet' .......................................................... passed
And request requestAddPet ................................................. passed
When method post .......................................................... passed
Then status 400 ........................................................... failed

Stack Trace:
com.intuit.karate.exception.KarateException: AddPet.feature:34 - status code was: 200, expected: 400, response time: 1321, url: https://petstore.swagger.io/v2/pet, response: {"photoUrls":["string","string2","string3"],"name":"Bianco","id":9223372036854775807,"category":{"name":"Perro","id":1},"tags":[{"name":"string","id":1}],"status":"available"}&#13;
	at ✽.Then status 400 (AddPet.feature:34)&#13;

* url url ................................................................. passed
* def requestAddPet = read('classpath:karate/EP1_AddPet/AddPetBody.json') . passed
* set requestAddPet.id = null ............................................. passed
Given path 'pet' .......................................................... passed
And request requestAddPet ................................................. passed
When method post .......................................................... passed
Then status 400 ........................................................... failed

Stack Trace:
com.intuit.karate.exception.KarateException: AddPet.feature:34 - status code was: 200, expected: 400, response time: 492, url: https://petstore.swagger.io/v2/pet, response: {"photoUrls":["string","string2","string3"],"name":"Bianco","id":9223372036854775807,"category":{"name":"Perro","id":1},"tags":[{"name":"string","id":1}],"status":"available"}&#13;
	at ✽.Then status 400 (AddPet.feature:34)&#13;

* url url ................................................................. passed
* def requestAddPet = read('classpath:karate/EP1_AddPet/AddPetBody.json') . passed
* set requestAddPet.id = '' ............................................... passed
Given path 'pet' .......................................................... passed
And request requestAddPet ................................................. passed
When method post .......................................................... passed
Then status 400 ........................................................... failed

Stack Trace:
com.intuit.karate.exception.KarateException: AddPet.feature:34 - status code was: 200, expected: 400, response time: 615, url: https://petstore.swagger.io/v2/pet, response: {"photoUrls":["string","string2","string3"],"name":"Bianco","id":9223372036854775807,"category":{"name":"Perro","id":1},"tags":[{"name":"string","id":1}],"status":"available"}&#13;
	at ✽.Then status 400 (AddPet.feature:34)&#13;

* url url ................................................................. passed
* def requestAddPet = read('classpath:karate/EP1_AddPet/AddPetBody.json') . passed
* set requestAddPet.id = "#$%&amp;" ........................................... passed
Given path 'pet' .......................................................... passed
And request requestAddPet ................................................. passed
When method post .......................................................... passed
Then status 400 ........................................................... failed

Stack Trace:
com.intuit.karate.exception.KarateException: AddPet.feature:34 - status code was: 500, expected: 400, response time: 440, url: https://petstore.swagger.io/v2/pet, response: {"code":500,"type":"unknown","message":"something bad happened"}&#13;
	at ✽.Then status 400 (AddPet.feature:34)&#13;

* url url ................................................................. passed
* def requestAddPet = read('classpath:karate/EP1_AddPet/AddPetBody.json') . passed
* set requestAddPet.category.id = 0 ....................................... passed
Given path 'pet' .......................................................... passed
And request requestAddPet ................................................. passed
When method post .......................................................... passed
Then status 400 ........................................................... failed

Stack Trace:
com.intuit.karate.exception.KarateException: AddPet.feature:52 - status code was: 200, expected: 400, response time: 471, url: https://petstore.swagger.io/v2/pet, response: {"photoUrls":["string","string2","string3"],"name":"Bianco","id":15,"category":{"name":"Perro","id":0},"tags":[{"name":"string","id":1}],"status":"available"}&#13;
	at ✽.Then status 400 (AddPet.feature:52)&#13;

* url url ................................................................. passed
* def requestAddPet = read('classpath:karate/EP1_AddPet/AddPetBody.json') . passed
* set requestAddPet.category.id = "kekw" .................................. passed
Given path 'pet' .......................................................... passed
And request requestAddPet ................................................. passed
When method post .......................................................... passed
Then status 400 ........................................................... failed

Stack Trace:
com.intuit.karate.exception.KarateException: AddPet.feature:52 - status code was: 500, expected: 400, response time: 821, url: https://petstore.swagger.io/v2/pet, response: {"code":500,"type":"unknown","message":"something bad happened"}&#13;
	at ✽.Then status 400 (AddPet.feature:52)</failure>
  </testcase>
  <testcase classname="karate.EP1_AddPet.AddPet" name="Request with invalid category.id" time="1.039477">
    <failure message="AddPet.feature:52 - status code was: 200, expected: 400, response time: 1031, url: https://petstore.swagger.io/v2/pet, response: {&quot;photoUrls&quot;:[&quot;string&quot;,&quot;string2&quot;,&quot;string3&quot;],&quot;name&quot;:&quot;Bianco&quot;,&quot;id&quot;:15,&quot;category&quot;:{&quot;name&quot;:&quot;Perro&quot;,&quot;id&quot;:0},&quot;tags&quot;:[{&quot;name&quot;:&quot;string&quot;,&quot;id&quot;:1}],&quot;status&quot;:&quot;available&quot;}">* url url ................................................................. passed
* def requestAddPet = read('classpath:karate/EP1_AddPet/AddPetBody.json') . passed
* def responseAddPet = read('classpath:karate/EP1_AddPet/responseAddPet.json') . passed
Given path 'pet' .......................................................... passed
And request requestAddPet ................................................. passed
When method post .......................................................... passed
Then status 200 ........................................................... passed
And match response == responseAddPet ...................................... passed
And assert response.id == requestAddPet.id ................................ passed
And assert response.category.id == requestAddPet.category.id .............. passed
And assert response.category.name == requestAddPet.category.name .......... passed
And assert response.name == requestAddPet.name ............................ passed
And match response.photoUrls == requestAddPet.photoUrls ................... passed
And assert response.tags.id == requestAddPet.tags.id ...................... passed
And assert response.tags.name == requestAddPet.tags.name .................. passed
And assert response.status == requestAddPet.status ........................ passed
* url url ................................................................. passed
* def requestAddPet = read('classpath:karate/EP1_AddPet/AddPetBody.json') . passed
* set requestAddPet.id = 0 ................................................ passed
Given path 'pet' .......................................................... passed
And request requestAddPet ................................................. passed
When method post .......................................................... passed
Then status 400 ........................................................... failed

Stack Trace:
com.intuit.karate.exception.KarateException: AddPet.feature:34 - status code was: 200, expected: 400, response time: 476, url: https://petstore.swagger.io/v2/pet, response: {"photoUrls":["string","string2","string3"],"name":"Bianco","id":9223372036854775807,"category":{"name":"Perro","id":1},"tags":[{"name":"string","id":1}],"status":"available"}&#13;
	at ✽.Then status 400 (AddPet.feature:34)&#13;

* url url ................................................................. passed
* def requestAddPet = read('classpath:karate/EP1_AddPet/AddPetBody.json') . passed
* set requestAddPet.id = "kekw" ........................................... passed
Given path 'pet' .......................................................... passed
And request requestAddPet ................................................. passed
When method post .......................................................... passed
Then status 400 ........................................................... failed

Stack Trace:
com.intuit.karate.exception.KarateException: AddPet.feature:34 - status code was: 500, expected: 400, response time: 454, url: https://petstore.swagger.io/v2/pet, response: {"code":500,"type":"unknown","message":"something bad happened"}&#13;
	at ✽.Then status 400 (AddPet.feature:34)&#13;

* url url ................................................................. passed
* def requestAddPet = read('classpath:karate/EP1_AddPet/AddPetBody.json') . passed
* set requestAddPet.id = "" ............................................... passed
Given path 'pet' .......................................................... passed
And request requestAddPet ................................................. passed
When method post .......................................................... passed
Then status 400 ........................................................... failed

Stack Trace:
com.intuit.karate.exception.KarateException: AddPet.feature:34 - status code was: 200, expected: 400, response time: 1321, url: https://petstore.swagger.io/v2/pet, response: {"photoUrls":["string","string2","string3"],"name":"Bianco","id":9223372036854775807,"category":{"name":"Perro","id":1},"tags":[{"name":"string","id":1}],"status":"available"}&#13;
	at ✽.Then status 400 (AddPet.feature:34)&#13;

* url url ................................................................. passed
* def requestAddPet = read('classpath:karate/EP1_AddPet/AddPetBody.json') . passed
* set requestAddPet.id = null ............................................. passed
Given path 'pet' .......................................................... passed
And request requestAddPet ................................................. passed
When method post .......................................................... passed
Then status 400 ........................................................... failed

Stack Trace:
com.intuit.karate.exception.KarateException: AddPet.feature:34 - status code was: 200, expected: 400, response time: 492, url: https://petstore.swagger.io/v2/pet, response: {"photoUrls":["string","string2","string3"],"name":"Bianco","id":9223372036854775807,"category":{"name":"Perro","id":1},"tags":[{"name":"string","id":1}],"status":"available"}&#13;
	at ✽.Then status 400 (AddPet.feature:34)&#13;

* url url ................................................................. passed
* def requestAddPet = read('classpath:karate/EP1_AddPet/AddPetBody.json') . passed
* set requestAddPet.id = '' ............................................... passed
Given path 'pet' .......................................................... passed
And request requestAddPet ................................................. passed
When method post .......................................................... passed
Then status 400 ........................................................... failed

Stack Trace:
com.intuit.karate.exception.KarateException: AddPet.feature:34 - status code was: 200, expected: 400, response time: 615, url: https://petstore.swagger.io/v2/pet, response: {"photoUrls":["string","string2","string3"],"name":"Bianco","id":9223372036854775807,"category":{"name":"Perro","id":1},"tags":[{"name":"string","id":1}],"status":"available"}&#13;
	at ✽.Then status 400 (AddPet.feature:34)&#13;

* url url ................................................................. passed
* def requestAddPet = read('classpath:karate/EP1_AddPet/AddPetBody.json') . passed
* set requestAddPet.id = "#$%&amp;" ........................................... passed
Given path 'pet' .......................................................... passed
And request requestAddPet ................................................. passed
When method post .......................................................... passed
Then status 400 ........................................................... failed

Stack Trace:
com.intuit.karate.exception.KarateException: AddPet.feature:34 - status code was: 500, expected: 400, response time: 440, url: https://petstore.swagger.io/v2/pet, response: {"code":500,"type":"unknown","message":"something bad happened"}&#13;
	at ✽.Then status 400 (AddPet.feature:34)&#13;

* url url ................................................................. passed
* def requestAddPet = read('classpath:karate/EP1_AddPet/AddPetBody.json') . passed
* set requestAddPet.category.id = 0 ....................................... passed
Given path 'pet' .......................................................... passed
And request requestAddPet ................................................. passed
When method post .......................................................... passed
Then status 400 ........................................................... failed

Stack Trace:
com.intuit.karate.exception.KarateException: AddPet.feature:52 - status code was: 200, expected: 400, response time: 471, url: https://petstore.swagger.io/v2/pet, response: {"photoUrls":["string","string2","string3"],"name":"Bianco","id":15,"category":{"name":"Perro","id":0},"tags":[{"name":"string","id":1}],"status":"available"}&#13;
	at ✽.Then status 400 (AddPet.feature:52)&#13;

* url url ................................................................. passed
* def requestAddPet = read('classpath:karate/EP1_AddPet/AddPetBody.json') . passed
* set requestAddPet.category.id = "kekw" .................................. passed
Given path 'pet' .......................................................... passed
And request requestAddPet ................................................. passed
When method post .......................................................... passed
Then status 400 ........................................................... failed

Stack Trace:
com.intuit.karate.exception.KarateException: AddPet.feature:52 - status code was: 500, expected: 400, response time: 821, url: https://petstore.swagger.io/v2/pet, response: {"code":500,"type":"unknown","message":"something bad happened"}&#13;
	at ✽.Then status 400 (AddPet.feature:52)&#13;

* url url ................................................................. passed
* def requestAddPet = read('classpath:karate/EP1_AddPet/AddPetBody.json') . passed
* set requestAddPet.category.id = "" ...................................... passed
Given path 'pet' .......................................................... passed
And request requestAddPet ................................................. passed
When method post .......................................................... passed
Then status 400 ........................................................... failed

Stack Trace:
com.intuit.karate.exception.KarateException: AddPet.feature:52 - status code was: 200, expected: 400, response time: 1031, url: https://petstore.swagger.io/v2/pet, response: {"photoUrls":["string","string2","string3"],"name":"Bianco","id":15,"category":{"name":"Perro","id":0},"tags":[{"name":"string","id":1}],"status":"available"}&#13;
	at ✽.Then status 400 (AddPet.feature:52)</failure>
  </testcase>
  <testcase classname="karate.EP1_AddPet.AddPet" name="Request with invalid category.id" time="0.444989">
    <failure message="AddPet.feature:52 - status code was: 200, expected: 400, response time: 439, url: https://petstore.swagger.io/v2/pet, response: {&quot;photoUrls&quot;:[&quot;string&quot;,&quot;string2&quot;,&quot;string3&quot;],&quot;name&quot;:&quot;Bianco&quot;,&quot;id&quot;:15,&quot;category&quot;:{&quot;name&quot;:&quot;Perro&quot;,&quot;id&quot;:0},&quot;tags&quot;:[{&quot;name&quot;:&quot;string&quot;,&quot;id&quot;:1}],&quot;status&quot;:&quot;available&quot;}">* url url ................................................................. passed
* def requestAddPet = read('classpath:karate/EP1_AddPet/AddPetBody.json') . passed
* def responseAddPet = read('classpath:karate/EP1_AddPet/responseAddPet.json') . passed
Given path 'pet' .......................................................... passed
And request requestAddPet ................................................. passed
When method post .......................................................... passed
Then status 200 ........................................................... passed
And match response == responseAddPet ...................................... passed
And assert response.id == requestAddPet.id ................................ passed
And assert response.category.id == requestAddPet.category.id .............. passed
And assert response.category.name == requestAddPet.category.name .......... passed
And assert response.name == requestAddPet.name ............................ passed
And match response.photoUrls == requestAddPet.photoUrls ................... passed
And assert response.tags.id == requestAddPet.tags.id ...................... passed
And assert response.tags.name == requestAddPet.tags.name .................. passed
And assert response.status == requestAddPet.status ........................ passed
* url url ................................................................. passed
* def requestAddPet = read('classpath:karate/EP1_AddPet/AddPetBody.json') . passed
* set requestAddPet.id = 0 ................................................ passed
Given path 'pet' .......................................................... passed
And request requestAddPet ................................................. passed
When method post .......................................................... passed
Then status 400 ........................................................... failed

Stack Trace:
com.intuit.karate.exception.KarateException: AddPet.feature:34 - status code was: 200, expected: 400, response time: 476, url: https://petstore.swagger.io/v2/pet, response: {"photoUrls":["string","string2","string3"],"name":"Bianco","id":9223372036854775807,"category":{"name":"Perro","id":1},"tags":[{"name":"string","id":1}],"status":"available"}&#13;
	at ✽.Then status 400 (AddPet.feature:34)&#13;

* url url ................................................................. passed
* def requestAddPet = read('classpath:karate/EP1_AddPet/AddPetBody.json') . passed
* set requestAddPet.id = "kekw" ........................................... passed
Given path 'pet' .......................................................... passed
And request requestAddPet ................................................. passed
When method post .......................................................... passed
Then status 400 ........................................................... failed

Stack Trace:
com.intuit.karate.exception.KarateException: AddPet.feature:34 - status code was: 500, expected: 400, response time: 454, url: https://petstore.swagger.io/v2/pet, response: {"code":500,"type":"unknown","message":"something bad happened"}&#13;
	at ✽.Then status 400 (AddPet.feature:34)&#13;

* url url ................................................................. passed
* def requestAddPet = read('classpath:karate/EP1_AddPet/AddPetBody.json') . passed
* set requestAddPet.id = "" ............................................... passed
Given path 'pet' .......................................................... passed
And request requestAddPet ................................................. passed
When method post .......................................................... passed
Then status 400 ........................................................... failed

Stack Trace:
com.intuit.karate.exception.KarateException: AddPet.feature:34 - status code was: 200, expected: 400, response time: 1321, url: https://petstore.swagger.io/v2/pet, response: {"photoUrls":["string","string2","string3"],"name":"Bianco","id":9223372036854775807,"category":{"name":"Perro","id":1},"tags":[{"name":"string","id":1}],"status":"available"}&#13;
	at ✽.Then status 400 (AddPet.feature:34)&#13;

* url url ................................................................. passed
* def requestAddPet = read('classpath:karate/EP1_AddPet/AddPetBody.json') . passed
* set requestAddPet.id = null ............................................. passed
Given path 'pet' .......................................................... passed
And request requestAddPet ................................................. passed
When method post .......................................................... passed
Then status 400 ........................................................... failed

Stack Trace:
com.intuit.karate.exception.KarateException: AddPet.feature:34 - status code was: 200, expected: 400, response time: 492, url: https://petstore.swagger.io/v2/pet, response: {"photoUrls":["string","string2","string3"],"name":"Bianco","id":9223372036854775807,"category":{"name":"Perro","id":1},"tags":[{"name":"string","id":1}],"status":"available"}&#13;
	at ✽.Then status 400 (AddPet.feature:34)&#13;

* url url ................................................................. passed
* def requestAddPet = read('classpath:karate/EP1_AddPet/AddPetBody.json') . passed
* set requestAddPet.id = '' ............................................... passed
Given path 'pet' .......................................................... passed
And request requestAddPet ................................................. passed
When method post .......................................................... passed
Then status 400 ........................................................... failed

Stack Trace:
com.intuit.karate.exception.KarateException: AddPet.feature:34 - status code was: 200, expected: 400, response time: 615, url: https://petstore.swagger.io/v2/pet, response: {"photoUrls":["string","string2","string3"],"name":"Bianco","id":9223372036854775807,"category":{"name":"Perro","id":1},"tags":[{"name":"string","id":1}],"status":"available"}&#13;
	at ✽.Then status 400 (AddPet.feature:34)&#13;

* url url ................................................................. passed
* def requestAddPet = read('classpath:karate/EP1_AddPet/AddPetBody.json') . passed
* set requestAddPet.id = "#$%&amp;" ........................................... passed
Given path 'pet' .......................................................... passed
And request requestAddPet ................................................. passed
When method post .......................................................... passed
Then status 400 ........................................................... failed

Stack Trace:
com.intuit.karate.exception.KarateException: AddPet.feature:34 - status code was: 500, expected: 400, response time: 440, url: https://petstore.swagger.io/v2/pet, response: {"code":500,"type":"unknown","message":"something bad happened"}&#13;
	at ✽.Then status 400 (AddPet.feature:34)&#13;

* url url ................................................................. passed
* def requestAddPet = read('classpath:karate/EP1_AddPet/AddPetBody.json') . passed
* set requestAddPet.category.id = 0 ....................................... passed
Given path 'pet' .......................................................... passed
And request requestAddPet ................................................. passed
When method post .......................................................... passed
Then status 400 ........................................................... failed

Stack Trace:
com.intuit.karate.exception.KarateException: AddPet.feature:52 - status code was: 200, expected: 400, response time: 471, url: https://petstore.swagger.io/v2/pet, response: {"photoUrls":["string","string2","string3"],"name":"Bianco","id":15,"category":{"name":"Perro","id":0},"tags":[{"name":"string","id":1}],"status":"available"}&#13;
	at ✽.Then status 400 (AddPet.feature:52)&#13;

* url url ................................................................. passed
* def requestAddPet = read('classpath:karate/EP1_AddPet/AddPetBody.json') . passed
* set requestAddPet.category.id = "kekw" .................................. passed
Given path 'pet' .......................................................... passed
And request requestAddPet ................................................. passed
When method post .......................................................... passed
Then status 400 ........................................................... failed

Stack Trace:
com.intuit.karate.exception.KarateException: AddPet.feature:52 - status code was: 500, expected: 400, response time: 821, url: https://petstore.swagger.io/v2/pet, response: {"code":500,"type":"unknown","message":"something bad happened"}&#13;
	at ✽.Then status 400 (AddPet.feature:52)&#13;

* url url ................................................................. passed
* def requestAddPet = read('classpath:karate/EP1_AddPet/AddPetBody.json') . passed
* set requestAddPet.category.id = "" ...................................... passed
Given path 'pet' .......................................................... passed
And request requestAddPet ................................................. passed
When method post .......................................................... passed
Then status 400 ........................................................... failed

Stack Trace:
com.intuit.karate.exception.KarateException: AddPet.feature:52 - status code was: 200, expected: 400, response time: 1031, url: https://petstore.swagger.io/v2/pet, response: {"photoUrls":["string","string2","string3"],"name":"Bianco","id":15,"category":{"name":"Perro","id":0},"tags":[{"name":"string","id":1}],"status":"available"}&#13;
	at ✽.Then status 400 (AddPet.feature:52)&#13;

* url url ................................................................. passed
* def requestAddPet = read('classpath:karate/EP1_AddPet/AddPetBody.json') . passed
* set requestAddPet.category.id = null .................................... passed
Given path 'pet' .......................................................... passed
And request requestAddPet ................................................. passed
When method post .......................................................... passed
Then status 400 ........................................................... failed

Stack Trace:
com.intuit.karate.exception.KarateException: AddPet.feature:52 - status code was: 200, expected: 400, response time: 439, url: https://petstore.swagger.io/v2/pet, response: {"photoUrls":["string","string2","string3"],"name":"Bianco","id":15,"category":{"name":"Perro","id":0},"tags":[{"name":"string","id":1}],"status":"available"}&#13;
	at ✽.Then status 400 (AddPet.feature:52)</failure>
  </testcase>
  <testcase classname="karate.EP1_AddPet.AddPet" name="Request with invalid category.id" time="0.4443">
    <failure message="AddPet.feature:52 - status code was: 200, expected: 400, response time: 435, url: https://petstore.swagger.io/v2/pet, response: {&quot;photoUrls&quot;:[&quot;string&quot;,&quot;string2&quot;,&quot;string3&quot;],&quot;name&quot;:&quot;Bianco&quot;,&quot;id&quot;:15,&quot;category&quot;:{&quot;name&quot;:&quot;Perro&quot;,&quot;id&quot;:0},&quot;tags&quot;:[{&quot;name&quot;:&quot;string&quot;,&quot;id&quot;:1}],&quot;status&quot;:&quot;available&quot;}">* url url ................................................................. passed
* def requestAddPet = read('classpath:karate/EP1_AddPet/AddPetBody.json') . passed
* def responseAddPet = read('classpath:karate/EP1_AddPet/responseAddPet.json') . passed
Given path 'pet' .......................................................... passed
And request requestAddPet ................................................. passed
When method post .......................................................... passed
Then status 200 ........................................................... passed
And match response == responseAddPet ...................................... passed
And assert response.id == requestAddPet.id ................................ passed
And assert response.category.id == requestAddPet.category.id .............. passed
And assert response.category.name == requestAddPet.category.name .......... passed
And assert response.name == requestAddPet.name ............................ passed
And match response.photoUrls == requestAddPet.photoUrls ................... passed
And assert response.tags.id == requestAddPet.tags.id ...................... passed
And assert response.tags.name == requestAddPet.tags.name .................. passed
And assert response.status == requestAddPet.status ........................ passed
* url url ................................................................. passed
* def requestAddPet = read('classpath:karate/EP1_AddPet/AddPetBody.json') . passed
* set requestAddPet.id = 0 ................................................ passed
Given path 'pet' .......................................................... passed
And request requestAddPet ................................................. passed
When method post .......................................................... passed
Then status 400 ........................................................... failed

Stack Trace:
com.intuit.karate.exception.KarateException: AddPet.feature:34 - status code was: 200, expected: 400, response time: 476, url: https://petstore.swagger.io/v2/pet, response: {"photoUrls":["string","string2","string3"],"name":"Bianco","id":9223372036854775807,"category":{"name":"Perro","id":1},"tags":[{"name":"string","id":1}],"status":"available"}&#13;
	at ✽.Then status 400 (AddPet.feature:34)&#13;

* url url ................................................................. passed
* def requestAddPet = read('classpath:karate/EP1_AddPet/AddPetBody.json') . passed
* set requestAddPet.id = "kekw" ........................................... passed
Given path 'pet' .......................................................... passed
And request requestAddPet ................................................. passed
When method post .......................................................... passed
Then status 400 ........................................................... failed

Stack Trace:
com.intuit.karate.exception.KarateException: AddPet.feature:34 - status code was: 500, expected: 400, response time: 454, url: https://petstore.swagger.io/v2/pet, response: {"code":500,"type":"unknown","message":"something bad happened"}&#13;
	at ✽.Then status 400 (AddPet.feature:34)&#13;

* url url ................................................................. passed
* def requestAddPet = read('classpath:karate/EP1_AddPet/AddPetBody.json') . passed
* set requestAddPet.id = "" ............................................... passed
Given path 'pet' .......................................................... passed
And request requestAddPet ................................................. passed
When method post .......................................................... passed
Then status 400 ........................................................... failed

Stack Trace:
com.intuit.karate.exception.KarateException: AddPet.feature:34 - status code was: 200, expected: 400, response time: 1321, url: https://petstore.swagger.io/v2/pet, response: {"photoUrls":["string","string2","string3"],"name":"Bianco","id":9223372036854775807,"category":{"name":"Perro","id":1},"tags":[{"name":"string","id":1}],"status":"available"}&#13;
	at ✽.Then status 400 (AddPet.feature:34)&#13;

* url url ................................................................. passed
* def requestAddPet = read('classpath:karate/EP1_AddPet/AddPetBody.json') . passed
* set requestAddPet.id = null ............................................. passed
Given path 'pet' .......................................................... passed
And request requestAddPet ................................................. passed
When method post .......................................................... passed
Then status 400 ........................................................... failed

Stack Trace:
com.intuit.karate.exception.KarateException: AddPet.feature:34 - status code was: 200, expected: 400, response time: 492, url: https://petstore.swagger.io/v2/pet, response: {"photoUrls":["string","string2","string3"],"name":"Bianco","id":9223372036854775807,"category":{"name":"Perro","id":1},"tags":[{"name":"string","id":1}],"status":"available"}&#13;
	at ✽.Then status 400 (AddPet.feature:34)&#13;

* url url ................................................................. passed
* def requestAddPet = read('classpath:karate/EP1_AddPet/AddPetBody.json') . passed
* set requestAddPet.id = '' ............................................... passed
Given path 'pet' .......................................................... passed
And request requestAddPet ................................................. passed
When method post .......................................................... passed
Then status 400 ........................................................... failed

Stack Trace:
com.intuit.karate.exception.KarateException: AddPet.feature:34 - status code was: 200, expected: 400, response time: 615, url: https://petstore.swagger.io/v2/pet, response: {"photoUrls":["string","string2","string3"],"name":"Bianco","id":9223372036854775807,"category":{"name":"Perro","id":1},"tags":[{"name":"string","id":1}],"status":"available"}&#13;
	at ✽.Then status 400 (AddPet.feature:34)&#13;

* url url ................................................................. passed
* def requestAddPet = read('classpath:karate/EP1_AddPet/AddPetBody.json') . passed
* set requestAddPet.id = "#$%&amp;" ........................................... passed
Given path 'pet' .......................................................... passed
And request requestAddPet ................................................. passed
When method post .......................................................... passed
Then status 400 ........................................................... failed

Stack Trace:
com.intuit.karate.exception.KarateException: AddPet.feature:34 - status code was: 500, expected: 400, response time: 440, url: https://petstore.swagger.io/v2/pet, response: {"code":500,"type":"unknown","message":"something bad happened"}&#13;
	at ✽.Then status 400 (AddPet.feature:34)&#13;

* url url ................................................................. passed
* def requestAddPet = read('classpath:karate/EP1_AddPet/AddPetBody.json') . passed
* set requestAddPet.category.id = 0 ....................................... passed
Given path 'pet' .......................................................... passed
And request requestAddPet ................................................. passed
When method post .......................................................... passed
Then status 400 ........................................................... failed

Stack Trace:
com.intuit.karate.exception.KarateException: AddPet.feature:52 - status code was: 200, expected: 400, response time: 471, url: https://petstore.swagger.io/v2/pet, response: {"photoUrls":["string","string2","string3"],"name":"Bianco","id":15,"category":{"name":"Perro","id":0},"tags":[{"name":"string","id":1}],"status":"available"}&#13;
	at ✽.Then status 400 (AddPet.feature:52)&#13;

* url url ................................................................. passed
* def requestAddPet = read('classpath:karate/EP1_AddPet/AddPetBody.json') . passed
* set requestAddPet.category.id = "kekw" .................................. passed
Given path 'pet' .......................................................... passed
And request requestAddPet ................................................. passed
When method post .......................................................... passed
Then status 400 ........................................................... failed

Stack Trace:
com.intuit.karate.exception.KarateException: AddPet.feature:52 - status code was: 500, expected: 400, response time: 821, url: https://petstore.swagger.io/v2/pet, response: {"code":500,"type":"unknown","message":"something bad happened"}&#13;
	at ✽.Then status 400 (AddPet.feature:52)&#13;

* url url ................................................................. passed
* def requestAddPet = read('classpath:karate/EP1_AddPet/AddPetBody.json') . passed
* set requestAddPet.category.id = "" ...................................... passed
Given path 'pet' .......................................................... passed
And request requestAddPet ................................................. passed
When method post .......................................................... passed
Then status 400 ........................................................... failed

Stack Trace:
com.intuit.karate.exception.KarateException: AddPet.feature:52 - status code was: 200, expected: 400, response time: 1031, url: https://petstore.swagger.io/v2/pet, response: {"photoUrls":["string","string2","string3"],"name":"Bianco","id":15,"category":{"name":"Perro","id":0},"tags":[{"name":"string","id":1}],"status":"available"}&#13;
	at ✽.Then status 400 (AddPet.feature:52)&#13;

* url url ................................................................. passed
* def requestAddPet = read('classpath:karate/EP1_AddPet/AddPetBody.json') . passed
* set requestAddPet.category.id = null .................................... passed
Given path 'pet' .......................................................... passed
And request requestAddPet ................................................. passed
When method post .......................................................... passed
Then status 400 ........................................................... failed

Stack Trace:
com.intuit.karate.exception.KarateException: AddPet.feature:52 - status code was: 200, expected: 400, response time: 439, url: https://petstore.swagger.io/v2/pet, response: {"photoUrls":["string","string2","string3"],"name":"Bianco","id":15,"category":{"name":"Perro","id":0},"tags":[{"name":"string","id":1}],"status":"available"}&#13;
	at ✽.Then status 400 (AddPet.feature:52)&#13;

* url url ................................................................. passed
* def requestAddPet = read('classpath:karate/EP1_AddPet/AddPetBody.json') . passed
* set requestAddPet.category.id = '' ...................................... passed
Given path 'pet' .......................................................... passed
And request requestAddPet ................................................. passed
When method post .......................................................... passed
Then status 400 ........................................................... failed

Stack Trace:
com.intuit.karate.exception.KarateException: AddPet.feature:52 - status code was: 200, expected: 400, response time: 435, url: https://petstore.swagger.io/v2/pet, response: {"photoUrls":["string","string2","string3"],"name":"Bianco","id":15,"category":{"name":"Perro","id":0},"tags":[{"name":"string","id":1}],"status":"available"}&#13;
	at ✽.Then status 400 (AddPet.feature:52)</failure>
  </testcase>
  <testcase classname="karate.EP1_AddPet.AddPet" name="Request with invalid category.id" time="0.46957">
    <failure message="AddPet.feature:52 - status code was: 500, expected: 400, response time: 461, url: https://petstore.swagger.io/v2/pet, response: {&quot;code&quot;:500,&quot;type&quot;:&quot;unknown&quot;,&quot;message&quot;:&quot;something bad happened&quot;}">* url url ................................................................. passed
* def requestAddPet = read('classpath:karate/EP1_AddPet/AddPetBody.json') . passed
* def responseAddPet = read('classpath:karate/EP1_AddPet/responseAddPet.json') . passed
Given path 'pet' .......................................................... passed
And request requestAddPet ................................................. passed
When method post .......................................................... passed
Then status 200 ........................................................... passed
And match response == responseAddPet ...................................... passed
And assert response.id == requestAddPet.id ................................ passed
And assert response.category.id == requestAddPet.category.id .............. passed
And assert response.category.name == requestAddPet.category.name .......... passed
And assert response.name == requestAddPet.name ............................ passed
And match response.photoUrls == requestAddPet.photoUrls ................... passed
And assert response.tags.id == requestAddPet.tags.id ...................... passed
And assert response.tags.name == requestAddPet.tags.name .................. passed
And assert response.status == requestAddPet.status ........................ passed
* url url ................................................................. passed
* def requestAddPet = read('classpath:karate/EP1_AddPet/AddPetBody.json') . passed
* set requestAddPet.id = 0 ................................................ passed
Given path 'pet' .......................................................... passed
And request requestAddPet ................................................. passed
When method post .......................................................... passed
Then status 400 ........................................................... failed

Stack Trace:
com.intuit.karate.exception.KarateException: AddPet.feature:34 - status code was: 200, expected: 400, response time: 476, url: https://petstore.swagger.io/v2/pet, response: {"photoUrls":["string","string2","string3"],"name":"Bianco","id":9223372036854775807,"category":{"name":"Perro","id":1},"tags":[{"name":"string","id":1}],"status":"available"}&#13;
	at ✽.Then status 400 (AddPet.feature:34)&#13;

* url url ................................................................. passed
* def requestAddPet = read('classpath:karate/EP1_AddPet/AddPetBody.json') . passed
* set requestAddPet.id = "kekw" ........................................... passed
Given path 'pet' .......................................................... passed
And request requestAddPet ................................................. passed
When method post .......................................................... passed
Then status 400 ........................................................... failed

Stack Trace:
com.intuit.karate.exception.KarateException: AddPet.feature:34 - status code was: 500, expected: 400, response time: 454, url: https://petstore.swagger.io/v2/pet, response: {"code":500,"type":"unknown","message":"something bad happened"}&#13;
	at ✽.Then status 400 (AddPet.feature:34)&#13;

* url url ................................................................. passed
* def requestAddPet = read('classpath:karate/EP1_AddPet/AddPetBody.json') . passed
* set requestAddPet.id = "" ............................................... passed
Given path 'pet' .......................................................... passed
And request requestAddPet ................................................. passed
When method post .......................................................... passed
Then status 400 ........................................................... failed

Stack Trace:
com.intuit.karate.exception.KarateException: AddPet.feature:34 - status code was: 200, expected: 400, response time: 1321, url: https://petstore.swagger.io/v2/pet, response: {"photoUrls":["string","string2","string3"],"name":"Bianco","id":9223372036854775807,"category":{"name":"Perro","id":1},"tags":[{"name":"string","id":1}],"status":"available"}&#13;
	at ✽.Then status 400 (AddPet.feature:34)&#13;

* url url ................................................................. passed
* def requestAddPet = read('classpath:karate/EP1_AddPet/AddPetBody.json') . passed
* set requestAddPet.id = null ............................................. passed
Given path 'pet' .......................................................... passed
And request requestAddPet ................................................. passed
When method post .......................................................... passed
Then status 400 ........................................................... failed

Stack Trace:
com.intuit.karate.exception.KarateException: AddPet.feature:34 - status code was: 200, expected: 400, response time: 492, url: https://petstore.swagger.io/v2/pet, response: {"photoUrls":["string","string2","string3"],"name":"Bianco","id":9223372036854775807,"category":{"name":"Perro","id":1},"tags":[{"name":"string","id":1}],"status":"available"}&#13;
	at ✽.Then status 400 (AddPet.feature:34)&#13;

* url url ................................................................. passed
* def requestAddPet = read('classpath:karate/EP1_AddPet/AddPetBody.json') . passed
* set requestAddPet.id = '' ............................................... passed
Given path 'pet' .......................................................... passed
And request requestAddPet ................................................. passed
When method post .......................................................... passed
Then status 400 ........................................................... failed

Stack Trace:
com.intuit.karate.exception.KarateException: AddPet.feature:34 - status code was: 200, expected: 400, response time: 615, url: https://petstore.swagger.io/v2/pet, response: {"photoUrls":["string","string2","string3"],"name":"Bianco","id":9223372036854775807,"category":{"name":"Perro","id":1},"tags":[{"name":"string","id":1}],"status":"available"}&#13;
	at ✽.Then status 400 (AddPet.feature:34)&#13;

* url url ................................................................. passed
* def requestAddPet = read('classpath:karate/EP1_AddPet/AddPetBody.json') . passed
* set requestAddPet.id = "#$%&amp;" ........................................... passed
Given path 'pet' .......................................................... passed
And request requestAddPet ................................................. passed
When method post .......................................................... passed
Then status 400 ........................................................... failed

Stack Trace:
com.intuit.karate.exception.KarateException: AddPet.feature:34 - status code was: 500, expected: 400, response time: 440, url: https://petstore.swagger.io/v2/pet, response: {"code":500,"type":"unknown","message":"something bad happened"}&#13;
	at ✽.Then status 400 (AddPet.feature:34)&#13;

* url url ................................................................. passed
* def requestAddPet = read('classpath:karate/EP1_AddPet/AddPetBody.json') . passed
* set requestAddPet.category.id = 0 ....................................... passed
Given path 'pet' .......................................................... passed
And request requestAddPet ................................................. passed
When method post .......................................................... passed
Then status 400 ........................................................... failed

Stack Trace:
com.intuit.karate.exception.KarateException: AddPet.feature:52 - status code was: 200, expected: 400, response time: 471, url: https://petstore.swagger.io/v2/pet, response: {"photoUrls":["string","string2","string3"],"name":"Bianco","id":15,"category":{"name":"Perro","id":0},"tags":[{"name":"string","id":1}],"status":"available"}&#13;
	at ✽.Then status 400 (AddPet.feature:52)&#13;

* url url ................................................................. passed
* def requestAddPet = read('classpath:karate/EP1_AddPet/AddPetBody.json') . passed
* set requestAddPet.category.id = "kekw" .................................. passed
Given path 'pet' .......................................................... passed
And request requestAddPet ................................................. passed
When method post .......................................................... passed
Then status 400 ........................................................... failed

Stack Trace:
com.intuit.karate.exception.KarateException: AddPet.feature:52 - status code was: 500, expected: 400, response time: 821, url: https://petstore.swagger.io/v2/pet, response: {"code":500,"type":"unknown","message":"something bad happened"}&#13;
	at ✽.Then status 400 (AddPet.feature:52)&#13;

* url url ................................................................. passed
* def requestAddPet = read('classpath:karate/EP1_AddPet/AddPetBody.json') . passed
* set requestAddPet.category.id = "" ...................................... passed
Given path 'pet' .......................................................... passed
And request requestAddPet ................................................. passed
When method post .......................................................... passed
Then status 400 ........................................................... failed

Stack Trace:
com.intuit.karate.exception.KarateException: AddPet.feature:52 - status code was: 200, expected: 400, response time: 1031, url: https://petstore.swagger.io/v2/pet, response: {"photoUrls":["string","string2","string3"],"name":"Bianco","id":15,"category":{"name":"Perro","id":0},"tags":[{"name":"string","id":1}],"status":"available"}&#13;
	at ✽.Then status 400 (AddPet.feature:52)&#13;

* url url ................................................................. passed
* def requestAddPet = read('classpath:karate/EP1_AddPet/AddPetBody.json') . passed
* set requestAddPet.category.id = null .................................... passed
Given path 'pet' .......................................................... passed
And request requestAddPet ................................................. passed
When method post .......................................................... passed
Then status 400 ........................................................... failed

Stack Trace:
com.intuit.karate.exception.KarateException: AddPet.feature:52 - status code was: 200, expected: 400, response time: 439, url: https://petstore.swagger.io/v2/pet, response: {"photoUrls":["string","string2","string3"],"name":"Bianco","id":15,"category":{"name":"Perro","id":0},"tags":[{"name":"string","id":1}],"status":"available"}&#13;
	at ✽.Then status 400 (AddPet.feature:52)&#13;

* url url ................................................................. passed
* def requestAddPet = read('classpath:karate/EP1_AddPet/AddPetBody.json') . passed
* set requestAddPet.category.id = '' ...................................... passed
Given path 'pet' .......................................................... passed
And request requestAddPet ................................................. passed
When method post .......................................................... passed
Then status 400 ........................................................... failed

Stack Trace:
com.intuit.karate.exception.KarateException: AddPet.feature:52 - status code was: 200, expected: 400, response time: 435, url: https://petstore.swagger.io/v2/pet, response: {"photoUrls":["string","string2","string3"],"name":"Bianco","id":15,"category":{"name":"Perro","id":0},"tags":[{"name":"string","id":1}],"status":"available"}&#13;
	at ✽.Then status 400 (AddPet.feature:52)&#13;

* url url ................................................................. passed
* def requestAddPet = read('classpath:karate/EP1_AddPet/AddPetBody.json') . passed
* set requestAddPet.category.id = "#$%&amp;" .................................. passed
Given path 'pet' .......................................................... passed
And request requestAddPet ................................................. passed
When method post .......................................................... passed
Then status 400 ........................................................... failed

Stack Trace:
com.intuit.karate.exception.KarateException: AddPet.feature:52 - status code was: 500, expected: 400, response time: 461, url: https://petstore.swagger.io/v2/pet, response: {"code":500,"type":"unknown","message":"something bad happened"}&#13;
	at ✽.Then status 400 (AddPet.feature:52)</failure>
  </testcase>
</testsuite>
