<testsuite failures="5" name="karate/EP3_FindPetById/FindPetById.feature" skipped="0" tests="7" time="4.263263">
  <testcase classname="karate.EP3_FindPetById.FindPetById" name="Check the service GET method" time="0.579514">
    <system-out>* url url ................................................................. passed
* def PetBody = read('classpath:karate/EP2_UpdatePet/UpdatePetBody.json') . passed
* def responseFindPetById = read('classpath:karate/EP3_FindPetById/responseFindPetById.json') . passed
Given path 'pet', '15' .................................................... passed
When method get ........................................................... passed
Then status 200 ........................................................... passed
And match response == responseFindPetById ................................. passed
And assert response.id == PetBody.id ...................................... passed
And assert response.category.id == PetBody.category.id .................... passed
And assert response.category.name == PetBody.category.name ................ passed
And assert response.name == PetBody.name .................................. passed
And match response.photoUrls == PetBody.photoUrls ......................... passed
And assert response.tags.id == PetBody.tags.id ............................ passed
And assert response.tags.name == PetBody.tags.name ........................ passed
And assert response.status == PetBody.status .............................. passed</system-out>
  </testcase>
  <testcase classname="karate.EP3_FindPetById.FindPetById" name="Request with invalid id" time="0.527894">
    <system-out>* url url ................................................................. passed
* def PetBody = read('classpath:karate/EP2_UpdatePet/UpdatePetBody.json') . passed
* def responseFindPetById = read('classpath:karate/EP3_FindPetById/responseFindPetById.json') . passed
Given path 'pet', '15' .................................................... passed
When method get ........................................................... passed
Then status 200 ........................................................... passed
And match response == responseFindPetById ................................. passed
And assert response.id == PetBody.id ...................................... passed
And assert response.category.id == PetBody.category.id .................... passed
And assert response.category.name == PetBody.category.name ................ passed
And assert response.name == PetBody.name .................................. passed
And match response.photoUrls == PetBody.photoUrls ......................... passed
And assert response.tags.id == PetBody.tags.id ............................ passed
And assert response.tags.name == PetBody.tags.name ........................ passed
And assert response.status == PetBody.status .............................. passed
* url url ................................................................. passed
* def responseFindPetById = read('classpath:karate/EP3_FindPetById/responseFindPetById.json') . passed
Given path 'pet', 0 ....................................................... passed
When method get ........................................................... passed
Then status 404 ........................................................... passed</system-out>
  </testcase>
  <testcase classname="karate.EP3_FindPetById.FindPetById" name="Request with invalid id" time="0.570193">
    <failure message="FindPetById.feature:31 - status code was: 404, expected: 400, response time: 563, url: https://petstore.swagger.io/v2/pet/kekw, response: {&quot;code&quot;:404,&quot;type&quot;:&quot;unknown&quot;,&quot;message&quot;:&quot;java.lang.NumberFormatException: For input string: \&quot;kekw\&quot;&quot;}">* url url ................................................................. passed
* def PetBody = read('classpath:karate/EP2_UpdatePet/UpdatePetBody.json') . passed
* def responseFindPetById = read('classpath:karate/EP3_FindPetById/responseFindPetById.json') . passed
Given path 'pet', '15' .................................................... passed
When method get ........................................................... passed
Then status 200 ........................................................... passed
And match response == responseFindPetById ................................. passed
And assert response.id == PetBody.id ...................................... passed
And assert response.category.id == PetBody.category.id .................... passed
And assert response.category.name == PetBody.category.name ................ passed
And assert response.name == PetBody.name .................................. passed
And match response.photoUrls == PetBody.photoUrls ......................... passed
And assert response.tags.id == PetBody.tags.id ............................ passed
And assert response.tags.name == PetBody.tags.name ........................ passed
And assert response.status == PetBody.status .............................. passed
* url url ................................................................. passed
* def responseFindPetById = read('classpath:karate/EP3_FindPetById/responseFindPetById.json') . passed
Given path 'pet', 0 ....................................................... passed
When method get ........................................................... passed
Then status 404 ........................................................... passed
* url url ................................................................. passed
* def responseFindPetById = read('classpath:karate/EP3_FindPetById/responseFindPetById.json') . passed
Given path 'pet', "kekw" .................................................. passed
When method get ........................................................... passed
Then status 400 ........................................................... failed

Stack Trace:
com.intuit.karate.exception.KarateException: FindPetById.feature:31 - status code was: 404, expected: 400, response time: 563, url: https://petstore.swagger.io/v2/pet/kekw, response: {"code":404,"type":"unknown","message":"java.lang.NumberFormatException: For input string: \"kekw\""}&#13;
	at ✽.Then status 400 (FindPetById.feature:31)</failure>
  </testcase>
  <testcase classname="karate.EP3_FindPetById.FindPetById" name="Request with invalid id" time="0.511125">
    <failure message="FindPetById.feature:31 - status code was: 405, expected: 400, response time: 482, url: https://petstore.swagger.io/v2/pet/, response: &lt;apiResponse&gt;&lt;type&gt;unknown&lt;/type&gt;&lt;/apiResponse&gt;">* url url ................................................................. passed
* def PetBody = read('classpath:karate/EP2_UpdatePet/UpdatePetBody.json') . passed
* def responseFindPetById = read('classpath:karate/EP3_FindPetById/responseFindPetById.json') . passed
Given path 'pet', '15' .................................................... passed
When method get ........................................................... passed
Then status 200 ........................................................... passed
And match response == responseFindPetById ................................. passed
And assert response.id == PetBody.id ...................................... passed
And assert response.category.id == PetBody.category.id .................... passed
And assert response.category.name == PetBody.category.name ................ passed
And assert response.name == PetBody.name .................................. passed
And match response.photoUrls == PetBody.photoUrls ......................... passed
And assert response.tags.id == PetBody.tags.id ............................ passed
And assert response.tags.name == PetBody.tags.name ........................ passed
And assert response.status == PetBody.status .............................. passed
* url url ................................................................. passed
* def responseFindPetById = read('classpath:karate/EP3_FindPetById/responseFindPetById.json') . passed
Given path 'pet', 0 ....................................................... passed
When method get ........................................................... passed
Then status 404 ........................................................... passed
* url url ................................................................. passed
* def responseFindPetById = read('classpath:karate/EP3_FindPetById/responseFindPetById.json') . passed
Given path 'pet', "kekw" .................................................. passed
When method get ........................................................... passed
Then status 400 ........................................................... failed

Stack Trace:
com.intuit.karate.exception.KarateException: FindPetById.feature:31 - status code was: 404, expected: 400, response time: 563, url: https://petstore.swagger.io/v2/pet/kekw, response: {"code":404,"type":"unknown","message":"java.lang.NumberFormatException: For input string: \"kekw\""}&#13;
	at ✽.Then status 400 (FindPetById.feature:31)&#13;

* url url ................................................................. passed
* def responseFindPetById = read('classpath:karate/EP3_FindPetById/responseFindPetById.json') . passed
Given path 'pet', "" ...................................................... passed
When method get ........................................................... passed
Then status 400 ........................................................... failed

Stack Trace:
com.intuit.karate.exception.KarateException: FindPetById.feature:31 - status code was: 405, expected: 400, response time: 482, url: https://petstore.swagger.io/v2/pet/, response: &lt;apiResponse&gt;&lt;type&gt;unknown&lt;/type&gt;&lt;/apiResponse&gt;&#13;
	at ✽.Then status 400 (FindPetById.feature:31)</failure>
  </testcase>
  <testcase classname="karate.EP3_FindPetById.FindPetById" name="Request with invalid id" time="0.997769">
    <failure message="FindPetById.feature:31 - status code was: 405, expected: 400, response time: 990, url: https://petstore.swagger.io/v2/pet, response: &lt;apiResponse&gt;&lt;type&gt;unknown&lt;/type&gt;&lt;/apiResponse&gt;">* url url ................................................................. passed
* def PetBody = read('classpath:karate/EP2_UpdatePet/UpdatePetBody.json') . passed
* def responseFindPetById = read('classpath:karate/EP3_FindPetById/responseFindPetById.json') . passed
Given path 'pet', '15' .................................................... passed
When method get ........................................................... passed
Then status 200 ........................................................... passed
And match response == responseFindPetById ................................. passed
And assert response.id == PetBody.id ...................................... passed
And assert response.category.id == PetBody.category.id .................... passed
And assert response.category.name == PetBody.category.name ................ passed
And assert response.name == PetBody.name .................................. passed
And match response.photoUrls == PetBody.photoUrls ......................... passed
And assert response.tags.id == PetBody.tags.id ............................ passed
And assert response.tags.name == PetBody.tags.name ........................ passed
And assert response.status == PetBody.status .............................. passed
* url url ................................................................. passed
* def responseFindPetById = read('classpath:karate/EP3_FindPetById/responseFindPetById.json') . passed
Given path 'pet', 0 ....................................................... passed
When method get ........................................................... passed
Then status 404 ........................................................... passed
* url url ................................................................. passed
* def responseFindPetById = read('classpath:karate/EP3_FindPetById/responseFindPetById.json') . passed
Given path 'pet', "kekw" .................................................. passed
When method get ........................................................... passed
Then status 400 ........................................................... failed

Stack Trace:
com.intuit.karate.exception.KarateException: FindPetById.feature:31 - status code was: 404, expected: 400, response time: 563, url: https://petstore.swagger.io/v2/pet/kekw, response: {"code":404,"type":"unknown","message":"java.lang.NumberFormatException: For input string: \"kekw\""}&#13;
	at ✽.Then status 400 (FindPetById.feature:31)&#13;

* url url ................................................................. passed
* def responseFindPetById = read('classpath:karate/EP3_FindPetById/responseFindPetById.json') . passed
Given path 'pet', "" ...................................................... passed
When method get ........................................................... passed
Then status 400 ........................................................... failed

Stack Trace:
com.intuit.karate.exception.KarateException: FindPetById.feature:31 - status code was: 405, expected: 400, response time: 482, url: https://petstore.swagger.io/v2/pet/, response: &lt;apiResponse&gt;&lt;type&gt;unknown&lt;/type&gt;&lt;/apiResponse&gt;&#13;
	at ✽.Then status 400 (FindPetById.feature:31)&#13;

* url url ................................................................. passed
* def responseFindPetById = read('classpath:karate/EP3_FindPetById/responseFindPetById.json') . passed
Given path 'pet', null .................................................... passed
When method get ........................................................... passed
Then status 400 ........................................................... failed

Stack Trace:
com.intuit.karate.exception.KarateException: FindPetById.feature:31 - status code was: 405, expected: 400, response time: 990, url: https://petstore.swagger.io/v2/pet, response: &lt;apiResponse&gt;&lt;type&gt;unknown&lt;/type&gt;&lt;/apiResponse&gt;&#13;
	at ✽.Then status 400 (FindPetById.feature:31)</failure>
  </testcase>
  <testcase classname="karate.EP3_FindPetById.FindPetById" name="Request with invalid id" time="0.614725">
    <failure message="FindPetById.feature:31 - status code was: 405, expected: 400, response time: 601, url: https://petstore.swagger.io/v2/pet/, response: &lt;apiResponse&gt;&lt;type&gt;unknown&lt;/type&gt;&lt;/apiResponse&gt;">* url url ................................................................. passed
* def PetBody = read('classpath:karate/EP2_UpdatePet/UpdatePetBody.json') . passed
* def responseFindPetById = read('classpath:karate/EP3_FindPetById/responseFindPetById.json') . passed
Given path 'pet', '15' .................................................... passed
When method get ........................................................... passed
Then status 200 ........................................................... passed
And match response == responseFindPetById ................................. passed
And assert response.id == PetBody.id ...................................... passed
And assert response.category.id == PetBody.category.id .................... passed
And assert response.category.name == PetBody.category.name ................ passed
And assert response.name == PetBody.name .................................. passed
And match response.photoUrls == PetBody.photoUrls ......................... passed
And assert response.tags.id == PetBody.tags.id ............................ passed
And assert response.tags.name == PetBody.tags.name ........................ passed
And assert response.status == PetBody.status .............................. passed
* url url ................................................................. passed
* def responseFindPetById = read('classpath:karate/EP3_FindPetById/responseFindPetById.json') . passed
Given path 'pet', 0 ....................................................... passed
When method get ........................................................... passed
Then status 404 ........................................................... passed
* url url ................................................................. passed
* def responseFindPetById = read('classpath:karate/EP3_FindPetById/responseFindPetById.json') . passed
Given path 'pet', "kekw" .................................................. passed
When method get ........................................................... passed
Then status 400 ........................................................... failed

Stack Trace:
com.intuit.karate.exception.KarateException: FindPetById.feature:31 - status code was: 404, expected: 400, response time: 563, url: https://petstore.swagger.io/v2/pet/kekw, response: {"code":404,"type":"unknown","message":"java.lang.NumberFormatException: For input string: \"kekw\""}&#13;
	at ✽.Then status 400 (FindPetById.feature:31)&#13;

* url url ................................................................. passed
* def responseFindPetById = read('classpath:karate/EP3_FindPetById/responseFindPetById.json') . passed
Given path 'pet', "" ...................................................... passed
When method get ........................................................... passed
Then status 400 ........................................................... failed

Stack Trace:
com.intuit.karate.exception.KarateException: FindPetById.feature:31 - status code was: 405, expected: 400, response time: 482, url: https://petstore.swagger.io/v2/pet/, response: &lt;apiResponse&gt;&lt;type&gt;unknown&lt;/type&gt;&lt;/apiResponse&gt;&#13;
	at ✽.Then status 400 (FindPetById.feature:31)&#13;

* url url ................................................................. passed
* def responseFindPetById = read('classpath:karate/EP3_FindPetById/responseFindPetById.json') . passed
Given path 'pet', null .................................................... passed
When method get ........................................................... passed
Then status 400 ........................................................... failed

Stack Trace:
com.intuit.karate.exception.KarateException: FindPetById.feature:31 - status code was: 405, expected: 400, response time: 990, url: https://petstore.swagger.io/v2/pet, response: &lt;apiResponse&gt;&lt;type&gt;unknown&lt;/type&gt;&lt;/apiResponse&gt;&#13;
	at ✽.Then status 400 (FindPetById.feature:31)&#13;

* url url ................................................................. passed
* def responseFindPetById = read('classpath:karate/EP3_FindPetById/responseFindPetById.json') . passed
Given path 'pet', '' ...................................................... passed
When method get ........................................................... passed
Then status 400 ........................................................... failed

Stack Trace:
com.intuit.karate.exception.KarateException: FindPetById.feature:31 - status code was: 405, expected: 400, response time: 601, url: https://petstore.swagger.io/v2/pet/, response: &lt;apiResponse&gt;&lt;type&gt;unknown&lt;/type&gt;&lt;/apiResponse&gt;&#13;
	at ✽.Then status 400 (FindPetById.feature:31)</failure>
  </testcase>
  <testcase classname="karate.EP3_FindPetById.FindPetById" name="Request with invalid id" time="0.462044">
    <failure message="FindPetById.feature:31 - status code was: 404, expected: 400, response time: 455, url: https://petstore.swagger.io/v2/pet/%23$%25&amp;, response: {&quot;code&quot;:404,&quot;type&quot;:&quot;unknown&quot;,&quot;message&quot;:&quot;java.lang.NumberFormatException: For input string: \&quot;#$%&amp;\&quot;&quot;}">* url url ................................................................. passed
* def PetBody = read('classpath:karate/EP2_UpdatePet/UpdatePetBody.json') . passed
* def responseFindPetById = read('classpath:karate/EP3_FindPetById/responseFindPetById.json') . passed
Given path 'pet', '15' .................................................... passed
When method get ........................................................... passed
Then status 200 ........................................................... passed
And match response == responseFindPetById ................................. passed
And assert response.id == PetBody.id ...................................... passed
And assert response.category.id == PetBody.category.id .................... passed
And assert response.category.name == PetBody.category.name ................ passed
And assert response.name == PetBody.name .................................. passed
And match response.photoUrls == PetBody.photoUrls ......................... passed
And assert response.tags.id == PetBody.tags.id ............................ passed
And assert response.tags.name == PetBody.tags.name ........................ passed
And assert response.status == PetBody.status .............................. passed
* url url ................................................................. passed
* def responseFindPetById = read('classpath:karate/EP3_FindPetById/responseFindPetById.json') . passed
Given path 'pet', 0 ....................................................... passed
When method get ........................................................... passed
Then status 404 ........................................................... passed
* url url ................................................................. passed
* def responseFindPetById = read('classpath:karate/EP3_FindPetById/responseFindPetById.json') . passed
Given path 'pet', "kekw" .................................................. passed
When method get ........................................................... passed
Then status 400 ........................................................... failed

Stack Trace:
com.intuit.karate.exception.KarateException: FindPetById.feature:31 - status code was: 404, expected: 400, response time: 563, url: https://petstore.swagger.io/v2/pet/kekw, response: {"code":404,"type":"unknown","message":"java.lang.NumberFormatException: For input string: \"kekw\""}&#13;
	at ✽.Then status 400 (FindPetById.feature:31)&#13;

* url url ................................................................. passed
* def responseFindPetById = read('classpath:karate/EP3_FindPetById/responseFindPetById.json') . passed
Given path 'pet', "" ...................................................... passed
When method get ........................................................... passed
Then status 400 ........................................................... failed

Stack Trace:
com.intuit.karate.exception.KarateException: FindPetById.feature:31 - status code was: 405, expected: 400, response time: 482, url: https://petstore.swagger.io/v2/pet/, response: &lt;apiResponse&gt;&lt;type&gt;unknown&lt;/type&gt;&lt;/apiResponse&gt;&#13;
	at ✽.Then status 400 (FindPetById.feature:31)&#13;

* url url ................................................................. passed
* def responseFindPetById = read('classpath:karate/EP3_FindPetById/responseFindPetById.json') . passed
Given path 'pet', null .................................................... passed
When method get ........................................................... passed
Then status 400 ........................................................... failed

Stack Trace:
com.intuit.karate.exception.KarateException: FindPetById.feature:31 - status code was: 405, expected: 400, response time: 990, url: https://petstore.swagger.io/v2/pet, response: &lt;apiResponse&gt;&lt;type&gt;unknown&lt;/type&gt;&lt;/apiResponse&gt;&#13;
	at ✽.Then status 400 (FindPetById.feature:31)&#13;

* url url ................................................................. passed
* def responseFindPetById = read('classpath:karate/EP3_FindPetById/responseFindPetById.json') . passed
Given path 'pet', '' ...................................................... passed
When method get ........................................................... passed
Then status 400 ........................................................... failed

Stack Trace:
com.intuit.karate.exception.KarateException: FindPetById.feature:31 - status code was: 405, expected: 400, response time: 601, url: https://petstore.swagger.io/v2/pet/, response: &lt;apiResponse&gt;&lt;type&gt;unknown&lt;/type&gt;&lt;/apiResponse&gt;&#13;
	at ✽.Then status 400 (FindPetById.feature:31)&#13;

* url url ................................................................. passed
* def responseFindPetById = read('classpath:karate/EP3_FindPetById/responseFindPetById.json') . passed
Given path 'pet', "#$%&amp;" .................................................. passed
When method get ........................................................... passed
Then status 400 ........................................................... failed

Stack Trace:
com.intuit.karate.exception.KarateException: FindPetById.feature:31 - status code was: 404, expected: 400, response time: 455, url: https://petstore.swagger.io/v2/pet/%23$%25&amp;, response: {"code":404,"type":"unknown","message":"java.lang.NumberFormatException: For input string: \"#$%&amp;\""}&#13;
	at ✽.Then status 400 (FindPetById.feature:31)</failure>
  </testcase>
</testsuite>
